#
# There is insufficient memory for the Java Runtime Environment to continue.
# Native memory allocation (mmap) failed to map 65536 bytes. Error detail: Failed to commit metaspace.
# Possible reasons:
#   The system is out of physical RAM or swap space
#   This process is running with CompressedOops enabled, and the Java Heap may be blocking the growth of the native heap
# Possible solutions:
#   Reduce memory load on the system
#   Increase physical memory or swap space
#   Check if swap backing store is full
#   Decrease Java heap size (-Xmx/-Xms)
#   Decrease number of Java threads
#   Decrease Java thread stack sizes (-Xss)
#   Set larger code cache with -XX:ReservedCodeCacheSize=
#   JVM is running with Unscaled Compressed Oops mode in which the Java heap is
#     placed in the first 4GB address space. The Java Heap base address is the
#     maximum limit for the native heap growth. Please use -XX:HeapBaseMinAddress
#     to set the Java Heap base and to place the Java Heap above 4GB virtual address.
# This output file may be truncated or incomplete.
#
#  Out of Memory Error (virtualSpaceNode.cpp:113), pid=22780, tid=22840
#
# JRE version: OpenJDK Runtime Environment Temurin-21.0.9+10 (21.0.9+10) (build 21.0.9+10-LTS)
# Java VM: OpenJDK 64-Bit Server VM Temurin-21.0.9+10 (21.0.9+10-LTS, mixed mode, sharing, tiered, compressed oops, compressed class ptrs, parallel gc, windows-amd64)
# No core dump will be written. Minidumps are not enabled by default on client versions of Windows
#

---------------  S U M M A R Y ------------

Command Line: --add-modules=ALL-SYSTEM --add-opens=java.base/java.util=ALL-UNNAMED --add-opens=java.base/java.lang=ALL-UNNAMED --add-opens=java.base/sun.nio.fs=ALL-UNNAMED -Declipse.application=org.eclipse.jdt.ls.core.id1 -Dosgi.bundles.defaultStartLevel=4 -Declipse.product=org.eclipse.jdt.ls.core.product -Djava.import.generatesMetadataFilesAtProjectRoot=false -DDetectVMInstallationsJob.disabled=true -Dfile.encoding=utf8 -XX:+UseParallelGC -XX:GCTimeRatio=4 -XX:AdaptiveSizePolicyWeight=90 -Dsun.zip.disableMemoryMapping=true -Xmx2G -Xms100m -Xlog:disable -javaagent:c:\Users\User\.vscode\extensions\redhat.java-1.52.0-win32-x64\lombok\lombok-1.18.39-4050.jar -XX:+HeapDumpOnOutOfMemoryError -XX:HeapDumpPath=c:\Users\User\AppData\Roaming\Code\User\workspaceStorage\66aa9b7fae2d2ea1ead16b3672061e47\redhat.java -Daether.dependencyCollector.impl=bf c:\Users\User\.vscode\extensions\redhat.java-1.52.0-win32-x64\server\plugins\org.eclipse.equinox.launcher_1.7.100.v20251111-0406.jar -configuration c:\Users\User\AppData\Roaming\Code\User\globalStorage\redhat.java\1.52.0\config_win -data c:\Users\User\AppData\Roaming\Code\User\workspaceStorage\66aa9b7fae2d2ea1ead16b3672061e47\redhat.java\jdt_ws --pipe=\\.\pipe\lsp-638befd4f0245e7798a86adf2f78383d-sock

Host: 12th Gen Intel(R) Core(TM) i3-1215U, 8 cores, 15G,  Windows 11 , 64 bit Build 26100 (10.0.26100.7705)
Time: Wed Feb 18 11:51:25 2026 elapsed time: 9.033132 seconds (0d 0h 0m 9s)

---------------  T H R E A D  ---------------

Current thread (0x0000023f808bb9a0):  JavaThread "C1 CompilerThread0" daemon [_thread_in_vm, id=22840, stack(0x0000004b36000000,0x0000004b36100000) (1024K)]


Current CompileTask:
C1:9033 2427       3       java.util.concurrent.TimeUnit::toNanos (45 bytes)

Stack: [0x0000004b36000000,0x0000004b36100000]
Native frames: (J=compiled Java code, j=interpreted, Vv=VM code, C=native code)
V  [jvm.dll+0x6d6e29]
V  [jvm.dll+0x8b4b76]
V  [jvm.dll+0x8b712e]
V  [jvm.dll+0x8b7813]
V  [jvm.dll+0x283d86]
V  [jvm.dll+0x8b08be]
V  [jvm.dll+0x678824]
V  [jvm.dll+0x67888a]
V  [jvm.dll+0x67b086]
V  [jvm.dll+0x67af52]
V  [jvm.dll+0x6791fe]
V  [jvm.dll+0x68a6ca]
V  [jvm.dll+0x683842]
V  [jvm.dll+0x1f6150]
V  [jvm.dll+0x1f6338]
V  [jvm.dll+0x156b3e]
V  [jvm.dll+0x156e44]
V  [jvm.dll+0x15625c]
V  [jvm.dll+0x157fed]
V  [jvm.dll+0x25b29d]
V  [jvm.dll+0x25982a]
V  [jvm.dll+0x3f7ea6]
V  [jvm.dll+0x85e9ad]
V  [jvm.dll+0x6d565d]
C  [ucrtbase.dll+0x37b0]
C  [KERNEL32.DLL+0x2e8d7]
C  [ntdll.dll+0x8c40c]


---------------  P R O C E S S  ---------------

Threads class SMR info:
_java_thread_list=0x0000023f80a41ff0, length=17, elements={
0x0000023fa50ec2f0, 0x0000023fa76266b0, 0x0000023fa74ec3b0, 0x0000023fa7627ba0,
0x0000023fa762bac0, 0x0000023fa762c770, 0x0000023fa74ef120, 0x0000023fa762df10,
0x0000023f808bb9a0, 0x0000023f80abbc00, 0x0000023f80c25560, 0x0000023f80a28050,
0x0000023f80c03a00, 0x0000023f8582ed30, 0x0000023f8573a970, 0x0000023f8589d660,
0x0000023f85577c10
}

Java Threads: ( => current thread )
  0x0000023fa50ec2f0 JavaThread "main"                              [_thread_blocked, id=22812, stack(0x0000004b35500000,0x0000004b35600000) (1024K)]
  0x0000023fa76266b0 JavaThread "Reference Handler"          daemon [_thread_blocked, id=6432, stack(0x0000004b35900000,0x0000004b35a00000) (1024K)]
  0x0000023fa74ec3b0 JavaThread "Finalizer"                  daemon [_thread_blocked, id=21428, stack(0x0000004b35a00000,0x0000004b35b00000) (1024K)]
  0x0000023fa7627ba0 JavaThread "Signal Dispatcher"          daemon [_thread_blocked, id=22752, stack(0x0000004b35b00000,0x0000004b35c00000) (1024K)]
  0x0000023fa762bac0 JavaThread "Attach Listener"            daemon [_thread_blocked, id=3668, stack(0x0000004b35c00000,0x0000004b35d00000) (1024K)]
  0x0000023fa762c770 JavaThread "Service Thread"             daemon [_thread_blocked, id=22664, stack(0x0000004b35d00000,0x0000004b35e00000) (1024K)]
  0x0000023fa74ef120 JavaThread "Monitor Deflation Thread"   daemon [_thread_blocked, id=12308, stack(0x0000004b35e00000,0x0000004b35f00000) (1024K)]
  0x0000023fa762df10 JavaThread "C2 CompilerThread0"         daemon [_thread_blocked, id=22832, stack(0x0000004b35f00000,0x0000004b36000000) (1024K)]
=>0x0000023f808bb9a0 JavaThread "C1 CompilerThread0"         daemon [_thread_in_vm, id=22840, stack(0x0000004b36000000,0x0000004b36100000) (1024K)]
  0x0000023f80abbc00 JavaThread "Common-Cleaner"             daemon [_thread_blocked, id=22880, stack(0x0000004b36200000,0x0000004b36300000) (1024K)]
  0x0000023f80c25560 JavaThread "Notification Thread"        daemon [_thread_blocked, id=4592, stack(0x0000004b36300000,0x0000004b36400000) (1024K)]
  0x0000023f80a28050 JavaThread "Active Thread: Equinox Container: 509184de-82ad-482b-8a14-241f75c5443f"        [_thread_blocked, id=8604, stack(0x0000004b36100000,0x0000004b36200000) (1024K)]
  0x0000023f80c03a00 JavaThread "Refresh Thread: Equinox Container: 509184de-82ad-482b-8a14-241f75c5443f" daemon [_thread_blocked, id=22532, stack(0x0000004b36b00000,0x0000004b36c00000) (1024K)]
  0x0000023f8582ed30 JavaThread "Framework Event Dispatcher: Equinox Container: 509184de-82ad-482b-8a14-241f75c5443f" daemon [_thread_blocked, id=10844, stack(0x0000004b36c00000,0x0000004b36d00000) (1024K)]
  0x0000023f8573a970 JavaThread "Start Level: Equinox Container: 509184de-82ad-482b-8a14-241f75c5443f" daemon [_thread_blocked, id=12188, stack(0x0000004b36d00000,0x0000004b36e00000) (1024K)]
  0x0000023f8589d660 JavaThread "C2 CompilerThread1"         daemon [_thread_in_native, id=20320, stack(0x0000004b36e00000,0x0000004b36f00000) (1024K)]
  0x0000023f85577c10 JavaThread "Bundle File Closer"         daemon [_thread_blocked, id=22844, stack(0x0000004b37000000,0x0000004b37100000) (1024K)]
Total: 17

Other Threads:
  0x0000023fa7611b20 VMThread "VM Thread"                           [id=15944, stack(0x0000004b35800000,0x0000004b35900000) (1024K)] _threads_hazard_ptr=0x0000023f80a41ff0
  0x0000023fa73fca00 WatcherThread "VM Periodic Task Thread"        [id=22820, stack(0x0000004b35700000,0x0000004b35800000) (1024K)]
  0x0000023fa7594a50 WorkerThread "GC Thread#0"                     [id=22824, stack(0x0000004b35600000,0x0000004b35700000) (1024K)]
  0x0000023f85036070 WorkerThread "GC Thread#1"                     [id=22296, stack(0x0000004b36500000,0x0000004b36600000) (1024K)]
  0x0000023f85036620 WorkerThread "GC Thread#2"                     [id=22256, stack(0x0000004b36600000,0x0000004b36700000) (1024K)]
  0x0000023f855bac90 WorkerThread "GC Thread#3"                     [id=12772, stack(0x0000004b36700000,0x0000004b36800000) (1024K)]
  0x0000023f855bb030 WorkerThread "GC Thread#4"                     [id=22668, stack(0x0000004b36800000,0x0000004b36900000) (1024K)]
  0x0000023f855bb3d0 WorkerThread "GC Thread#5"                     [id=12120, stack(0x0000004b36900000,0x0000004b36a00000) (1024K)]
  0x0000023f855bbb80 WorkerThread "GC Thread#6"                     [id=22848, stack(0x0000004b36a00000,0x0000004b36b00000) (1024K)]
  0x0000023f8597ce70 WorkerThread "GC Thread#7"                     [id=21940, stack(0x0000004b36400000,0x0000004b36500000) (1024K)]
Total: 10

Threads with active compile tasks:
C1 CompilerThread0  9067 2427       3       java.util.concurrent.TimeUnit::toNanos (45 bytes)
C2 CompilerThread1  9067 2405   !   4       java.util.jar.Attributes::read (494 bytes)
Total: 2

VM state: synchronizing (normal execution)

VM Mutex/Monitor currently owned by a thread:  ([mutex/lock_event])
[0x00007fff0d91b4f0] Metaspace_lock - owner thread: 0x0000023f808bb9a0
[0x00007fff0d91d570] Threads_lock - owner thread: 0x0000023fa7611b20

Heap address: 0x0000000080000000, size: 2048 MB, Compressed Oops mode: 32-bit

CDS archive(s) mapped at: [0x0000023fbe000000-0x0000023fbeba0000-0x0000023fbeba0000), size 12189696, SharedBaseAddress: 0x0000023fbe000000, ArchiveRelocationMode: 1.
Compressed class space mapped at: 0x0000023fbf000000-0x0000023fff000000, reserved size: 1073741824
Narrow klass base: 0x0000023fbe000000, Narrow klass shift: 0, Narrow klass range: 0x100000000

GC Precious Log:
 CardTable entry size: 512
 CPUs: 8 total, 8 available
 Memory: 16069M
 Large Page Support: Disabled
 NUMA Support: Disabled
 Compressed Oops: Enabled (32-bit)
 Alignments: Space 512K, Generation 512K, Heap 2M
 Heap Min Capacity: 100M
 Heap Initial Capacity: 100M
 Heap Max Capacity: 2G
 Pre-touch: Disabled
 Parallel Workers: 8

Heap:
 PSYoungGen      total 29696K, used 18539K [0x00000000d5580000, 0x00000000d7680000, 0x0000000100000000)
  eden space 25600K, 56% used [0x00000000d5580000,0x00000000d639e750,0x00000000d6e80000)
  from space 4096K, 99% used [0x00000000d6e80000,0x00000000d727c898,0x00000000d7280000)
  to   space 4096K, 0% used [0x00000000d7280000,0x00000000d7280000,0x00000000d7680000)
 ParOldGen       total 68608K, used 5025K [0x0000000080000000, 0x0000000084300000, 0x00000000d5580000)
  object space 68608K, 7% used [0x0000000080000000,0x00000000804e8548,0x0000000084300000)
 Metaspace       used 9626K, committed 9920K, reserved 1114112K
  class space    used 1013K, committed 1152K, reserved 1048576K

Card table byte_map: [0x0000023fa6f10000,0x0000023fa7320000] _byte_map_base: 0x0000023fa6b10000

Marking Bits: (ParMarkBitMap*) 0x00007fff0d922460
 Begin Bits: [0x0000023fb9a20000, 0x0000023fbba20000)
 End Bits:   [0x0000023fbba20000, 0x0000023fbda20000)

Polling page: 0x0000023fa5360000

Metaspace:

Usage:
  Non-class:      8.41 MB used.
      Class:   1013.73 KB used.
       Both:      9.40 MB used.

Virtual space:
  Non-class space:       64.00 MB reserved,       8.56 MB ( 13%) committed,  1 nodes.
      Class space:        1.00 GB reserved,       1.12 MB ( <1%) committed,  1 nodes.
             Both:        1.06 GB reserved,       9.69 MB ( <1%) committed. 

Chunk freelists:
   Non-Class:  6.78 MB
       Class:  14.79 MB
        Both:  21.57 MB

MaxMetaspaceSize: unlimited
CompressedClassSpaceSize: 1.00 GB
Initial GC threshold: 21.00 MB
Current GC threshold: 21.00 MB
CDS: on
 - commit_granule_bytes: 65536.
 - commit_granule_words: 8192.
 - virtual_space_node_default_size: 8388608.
 - enlarge_chunks_in_place: 1.
 - use_allocation_guard: 0.


Internal statistics:

num_allocs_failed_limit: 0.
num_arena_births: 258.
num_arena_deaths: 0.
num_vsnodes_births: 2.
num_vsnodes_deaths: 0.
num_space_committed: 155.
num_space_uncommitted: 0.
num_chunks_returned_to_freelist: 0.
num_chunks_taken_from_freelist: 515.
num_chunk_merges: 0.
num_chunk_splits: 321.
num_chunks_enlarged: 214.
num_inconsistent_stats: 0.

CodeHeap 'non-profiled nmethods': size=120000Kb used=1121Kb max_used=1121Kb free=118878Kb
 bounds [0x0000023fb2240000, 0x0000023fb24b0000, 0x0000023fb9770000]
CodeHeap 'profiled nmethods': size=120000Kb used=4604Kb max_used=4604Kb free=115395Kb
 bounds [0x0000023faa770000, 0x0000023faabf0000, 0x0000023fb1ca0000]
CodeHeap 'non-nmethods': size=5760Kb used=1231Kb max_used=1269Kb free=4528Kb
 bounds [0x0000023fb1ca0000, 0x0000023fb1f10000, 0x0000023fb2240000]
CodeCache: size=245760Kb, used=6956Kb, max_used=6994Kb, free=238801Kb
 total_blobs=2917, nmethods=2422, adapters=401, full_count=0
Compilation: enabled, stopped_count=0, restarted_count=0

Compilation events (20 events):
Event: 4.058 Thread 0x0000023f808bb9a0 nmethod 2417 0x0000023faabeb010 code [0x0000023faabeb1c0, 0x0000023faabeb410]
Event: 4.979 Thread 0x0000023f808bb9a0 2418       3       java.nio.Buffer::<init> (105 bytes)
Event: 4.979 Thread 0x0000023f808bb9a0 nmethod 2418 0x0000023faabeb510 code [0x0000023faabeb7c0, 0x0000023faabec260]
Event: 4.979 Thread 0x0000023f808bb9a0 2420       3       java.util.WeakHashMap::newTable (5 bytes)
Event: 4.980 Thread 0x0000023f808bb9a0 nmethod 2420 0x0000023faabec690 code [0x0000023faabec820, 0x0000023faabec9c0]
Event: 4.980 Thread 0x0000023f808bb9a0 2419       1       java.util.AbstractMap$SimpleImmutableEntry::getKey (5 bytes)
Event: 4.980 Thread 0x0000023f808bb9a0 nmethod 2419 0x0000023fb2357c90 code [0x0000023fb2357e20, 0x0000023fb2357ee8]
Event: 4.980 Thread 0x0000023f808bb9a0 2421       1       java.util.AbstractMap$SimpleImmutableEntry::getValue (5 bytes)
Event: 4.980 Thread 0x0000023f808bb9a0 nmethod 2421 0x0000023fb2357f90 code [0x0000023fb2358120, 0x0000023fb23581e8]
Event: 4.983 Thread 0x0000023f808bb9a0 2422       3       java.nio.ByteBuffer::limit (8 bytes)
Event: 4.983 Thread 0x0000023f808bb9a0 nmethod 2422 0x0000023faabeca90 code [0x0000023faabecc40, 0x0000023faabecd90]
Event: 4.983 Thread 0x0000023f808bb9a0 2423       1       java.util.Collections$SingletonSet::size (2 bytes)
Event: 4.983 Thread 0x0000023f808bb9a0 nmethod 2423 0x0000023fb2358290 code [0x0000023fb2358420, 0x0000023fb23584e8]
Event: 4.983 Thread 0x0000023f808bb9a0 2424  s    3       java.io.FileDescriptor::close (9 bytes)
Event: 4.983 Thread 0x0000023f808bb9a0 nmethod 2424 0x0000023faabece10 code [0x0000023faabecfe0, 0x0000023faabed448]
Event: 4.983 Thread 0x0000023f808bb9a0 2425  s    3       java.io.FileDescriptor::unregisterCleanup (20 bytes)
Event: 4.984 Thread 0x0000023f808bb9a0 nmethod 2425 0x0000023faabed590 code [0x0000023faabed740, 0x0000023faabeda30]
Event: 4.988 Thread 0x0000023f808bb9a0 2426   !   3       org.eclipse.osgi.storage.bundlefile.MRUBundleFileList::closeBundleFile (94 bytes)
Event: 4.989 Thread 0x0000023f808bb9a0 nmethod 2426 0x0000023faabedb10 code [0x0000023faabede20, 0x0000023faabeec98]
Event: 5.081 Thread 0x0000023f808bb9a0 2427       3       java.util.concurrent.TimeUnit::toNanos (45 bytes)

GC Heap History (6 events):
Event: 1.000 GC heap before
{Heap before GC invocations=1 (full 0):
 PSYoungGen      total 29696K, used 25600K [0x00000000d5580000, 0x00000000d7680000, 0x0000000100000000)
  eden space 25600K, 100% used [0x00000000d5580000,0x00000000d6e80000,0x00000000d6e80000)
  from space 4096K, 0% used [0x00000000d7280000,0x00000000d7280000,0x00000000d7680000)
  to   space 4096K, 0% used [0x00000000d6e80000,0x00000000d6e80000,0x00000000d7280000)
 ParOldGen       total 68608K, used 0K [0x0000000080000000, 0x0000000084300000, 0x00000000d5580000)
  object space 68608K, 0% used [0x0000000080000000,0x0000000080000000,0x0000000084300000)
 Metaspace       used 4372K, committed 4608K, reserved 1114112K
  class space    used 474K, committed 576K, reserved 1048576K
}
Event: 1.008 GC heap after
{Heap after GC invocations=1 (full 0):
 PSYoungGen      total 29696K, used 3312K [0x00000000d5580000, 0x00000000d7680000, 0x0000000100000000)
  eden space 25600K, 0% used [0x00000000d5580000,0x00000000d5580000,0x00000000d6e80000)
  from space 4096K, 80% used [0x00000000d6e80000,0x00000000d71bc148,0x00000000d7280000)
  to   space 4096K, 0% used [0x00000000d7280000,0x00000000d7280000,0x00000000d7680000)
 ParOldGen       total 68608K, used 8K [0x0000000080000000, 0x0000000084300000, 0x00000000d5580000)
  object space 68608K, 0% used [0x0000000080000000,0x0000000080002000,0x0000000084300000)
 Metaspace       used 4372K, committed 4608K, reserved 1114112K
  class space    used 474K, committed 576K, reserved 1048576K
}
Event: 2.175 GC heap before
{Heap before GC invocations=2 (full 0):
 PSYoungGen      total 29696K, used 28912K [0x00000000d5580000, 0x00000000d7680000, 0x0000000100000000)
  eden space 25600K, 100% used [0x00000000d5580000,0x00000000d6e80000,0x00000000d6e80000)
  from space 4096K, 80% used [0x00000000d6e80000,0x00000000d71bc148,0x00000000d7280000)
  to   space 4096K, 0% used [0x00000000d7280000,0x00000000d7280000,0x00000000d7680000)
 ParOldGen       total 68608K, used 8K [0x0000000080000000, 0x0000000084300000, 0x00000000d5580000)
  object space 68608K, 0% used [0x0000000080000000,0x0000000080002000,0x0000000084300000)
 Metaspace       used 8015K, committed 8320K, reserved 1114112K
  class space    used 838K, committed 960K, reserved 1048576K
}
Event: 2.181 GC heap after
{Heap after GC invocations=2 (full 0):
 PSYoungGen      total 29696K, used 4086K [0x00000000d5580000, 0x00000000d7680000, 0x0000000100000000)
  eden space 25600K, 0% used [0x00000000d5580000,0x00000000d5580000,0x00000000d6e80000)
  from space 4096K, 99% used [0x00000000d7280000,0x00000000d767d810,0x00000000d7680000)
  to   space 4096K, 0% used [0x00000000d6e80000,0x00000000d6e80000,0x00000000d7280000)
 ParOldGen       total 68608K, used 2033K [0x0000000080000000, 0x0000000084300000, 0x00000000d5580000)
  object space 68608K, 2% used [0x0000000080000000,0x00000000801fc6a8,0x0000000084300000)
 Metaspace       used 8015K, committed 8320K, reserved 1114112K
  class space    used 838K, committed 960K, reserved 1048576K
}
Event: 2.647 GC heap before
{Heap before GC invocations=3 (full 0):
 PSYoungGen      total 29696K, used 29686K [0x00000000d5580000, 0x00000000d7680000, 0x0000000100000000)
  eden space 25600K, 100% used [0x00000000d5580000,0x00000000d6e80000,0x00000000d6e80000)
  from space 4096K, 99% used [0x00000000d7280000,0x00000000d767d810,0x00000000d7680000)
  to   space 4096K, 0% used [0x00000000d6e80000,0x00000000d6e80000,0x00000000d7280000)
 ParOldGen       total 68608K, used 2033K [0x0000000080000000, 0x0000000084300000, 0x00000000d5580000)
  object space 68608K, 2% used [0x0000000080000000,0x00000000801fc6a8,0x0000000084300000)
 Metaspace       used 9476K, committed 9792K, reserved 1114112K
  class space    used 1013K, committed 1152K, reserved 1048576K
}
Event: 2.652 GC heap after
{Heap after GC invocations=3 (full 0):
 PSYoungGen      total 29696K, used 4082K [0x00000000d5580000, 0x00000000d7680000, 0x0000000100000000)
  eden space 25600K, 0% used [0x00000000d5580000,0x00000000d5580000,0x00000000d6e80000)
  from space 4096K, 99% used [0x00000000d6e80000,0x00000000d727c898,0x00000000d7280000)
  to   space 4096K, 0% used [0x00000000d7280000,0x00000000d7280000,0x00000000d7680000)
 ParOldGen       total 68608K, used 5025K [0x0000000080000000, 0x0000000084300000, 0x00000000d5580000)
  object space 68608K, 7% used [0x0000000080000000,0x00000000804e8548,0x0000000084300000)
 Metaspace       used 9476K, committed 9792K, reserved 1114112K
  class space    used 1013K, committed 1152K, reserved 1048576K
}

Dll operation events (9 events):
Event: 0.008 Loaded shared library c:\Users\User\.vscode\extensions\redhat.java-1.52.0-win32-x64\jre\21.0.9-win32-x86_64\bin\java.dll
Event: 0.030 Loaded shared library c:\Users\User\.vscode\extensions\redhat.java-1.52.0-win32-x64\jre\21.0.9-win32-x86_64\bin\zip.dll
Event: 0.098 Loaded shared library C:\Users\User\.vscode\extensions\redhat.java-1.52.0-win32-x64\jre\21.0.9-win32-x86_64\bin\instrument.dll
Event: 0.104 Loaded shared library C:\Users\User\.vscode\extensions\redhat.java-1.52.0-win32-x64\jre\21.0.9-win32-x86_64\bin\net.dll
Event: 0.106 Loaded shared library C:\Users\User\.vscode\extensions\redhat.java-1.52.0-win32-x64\jre\21.0.9-win32-x86_64\bin\nio.dll
Event: 0.110 Loaded shared library C:\Users\User\.vscode\extensions\redhat.java-1.52.0-win32-x64\jre\21.0.9-win32-x86_64\bin\zip.dll
Event: 0.127 Loaded shared library C:\Users\User\.vscode\extensions\redhat.java-1.52.0-win32-x64\jre\21.0.9-win32-x86_64\bin\jimage.dll
Event: 0.214 Loaded shared library c:\Users\User\.vscode\extensions\redhat.java-1.52.0-win32-x64\jre\21.0.9-win32-x86_64\bin\verify.dll
Event: 2.192 Loaded shared library C:\Users\User\AppData\Roaming\Code\User\globalStorage\redhat.java\1.52.0\config_win\org.eclipse.equinox.launcher\org.eclipse.equinox.launcher.win32.win32.x86_64_1.2.1500.v20260121-1430\eclipse_11919.dll

Deoptimization events (20 events):
Event: 2.757 Thread 0x0000023f8573a970 Uncommon trap: trap_request=0xffffff45 fr.pc=0x0000023fb2257fa0 relative=0x0000000000000100
Event: 2.757 Thread 0x0000023f8573a970 Uncommon trap: reason=unstable_if action=reinterpret pc=0x0000023fb2257fa0 method=java.lang.StringCoding.countPositives([BII)I @ 17 c2
Event: 2.757 Thread 0x0000023f8573a970 DEOPT PACKING pc=0x0000023fb2257fa0 sp=0x0000004b36dfcff0
Event: 2.757 Thread 0x0000023f8573a970 DEOPT UNPACKING pc=0x0000023fb1cf3aa2 sp=0x0000004b36dfcf78 mode 2
Event: 2.762 Thread 0x0000023f8573a970 DEOPT PACKING pc=0x0000023faab99249 sp=0x0000004b36dfd000
Event: 2.762 Thread 0x0000023f8573a970 DEOPT UNPACKING pc=0x0000023fb1cf4242 sp=0x0000004b36dfc470 mode 0
Event: 2.771 Thread 0x0000023f8573a970 DEOPT PACKING pc=0x0000023faab99249 sp=0x0000004b36dfd000
Event: 2.771 Thread 0x0000023f8573a970 DEOPT UNPACKING pc=0x0000023fb1cf4242 sp=0x0000004b36dfc470 mode 0
Event: 2.777 Thread 0x0000023f8573a970 DEOPT PACKING pc=0x0000023faab99249 sp=0x0000004b36dfd380
Event: 2.777 Thread 0x0000023f8573a970 DEOPT UNPACKING pc=0x0000023fb1cf4242 sp=0x0000004b36dfc7f0 mode 0
Event: 3.811 Thread 0x0000023f8573a970 DEOPT PACKING pc=0x0000023faab99249 sp=0x0000004b36dfd000
Event: 3.812 Thread 0x0000023f8573a970 DEOPT UNPACKING pc=0x0000023fb1cf4242 sp=0x0000004b36dfc470 mode 0
Event: 3.831 Thread 0x0000023f8573a970 DEOPT PACKING pc=0x0000023faab99249 sp=0x0000004b36dfd000
Event: 3.831 Thread 0x0000023f8573a970 DEOPT UNPACKING pc=0x0000023fb1cf4242 sp=0x0000004b36dfc470 mode 0
Event: 3.843 Thread 0x0000023f8573a970 Uncommon trap: trap_request=0xffffff45 fr.pc=0x0000023fb22dd8cc relative=0x000000000000018c
Event: 3.843 Thread 0x0000023f8573a970 Uncommon trap: reason=unstable_if action=reinterpret pc=0x0000023fb22dd8cc method=java.lang.String.startsWith(Ljava/lang/String;I)Z @ 50 c2
Event: 3.843 Thread 0x0000023f8573a970 DEOPT PACKING pc=0x0000023fb22dd8cc sp=0x0000004b36dfe0d0
Event: 3.843 Thread 0x0000023f8573a970 DEOPT UNPACKING pc=0x0000023fb1cf3aa2 sp=0x0000004b36dfe000 mode 2
Event: 3.847 Thread 0x0000023f8573a970 DEOPT PACKING pc=0x0000023faa89aba5 sp=0x0000004b36dfdc90
Event: 3.847 Thread 0x0000023f8573a970 DEOPT UNPACKING pc=0x0000023fb1cf4242 sp=0x0000004b36dfd178 mode 0

Classes loaded (20 events):
Event: 2.378 Loading class sun/util/logging/resources/logging_uk_UA done
Event: 2.378 Loading class sun/util/logging/resources/logging_uk_UA
Event: 2.378 Loading class sun/util/logging/resources/logging_uk_UA done
Event: 2.380 Loading class java/util/Formatter$DateTime
Event: 2.380 Loading class java/util/Formatter$DateTime done
Event: 2.380 Loading class java/util/Formatter$FixedString
Event: 2.380 Loading class java/util/Formatter$FixedString done
Event: 2.381 Loading class java/time/ZonedDateTime$1
Event: 2.381 Loading class java/time/ZonedDateTime$1 done
Event: 2.385 Loading class jdk/internal/module/ModulePatcher$PatchedModuleReader
Event: 2.385 Loading class jdk/internal/module/ModulePatcher$PatchedModuleReader done
Event: 2.391 Loading class sun/util/resources/LocaleData$CommonResourceBundleProvider
Event: 2.392 Loading class sun/util/resources/LocaleData$LocaleDataResourceBundleProvider
Event: 2.392 Loading class java/util/spi/ResourceBundleProvider
Event: 2.392 Loading class java/util/spi/ResourceBundleProvider done
Event: 2.392 Loading class sun/util/resources/LocaleData$LocaleDataResourceBundleProvider done
Event: 2.392 Loading class sun/util/resources/LocaleData$CommonResourceBundleProvider done
Event: 2.393 Loading class sun/util/resources/Bundles$2
Event: 2.393 Loading class sun/util/resources/Bundles$2 done
Event: 5.004 Loading class java/nio/file/StandardCopyOption

Classes unloaded (0 events):
No events

Classes redefined (0 events):
No events

Internal exceptions (20 events):
Event: 1.082 Thread 0x0000023fa50ec2f0 Implicit null exception at 0x0000023fb22a911a to 0x0000023fb22a9324
Event: 1.083 Thread 0x0000023fa50ec2f0 Exception <a 'java/lang/NoSuchMethodError'{0x00000000d56d7e30}: 'void java.lang.invoke.DirectMethodHandle$Holder.invokeStatic(java.lang.Object, java.lang.Object, java.lang.Object, java.lang.Object)'> (0x00000000d56d7e30) 
thrown [s\src\hotspot\share\interpreter\linkResolver.cpp, line 773]
Event: 1.085 Thread 0x0000023fa50ec2f0 Implicit null exception at 0x0000023fb22a463c to 0x0000023fb22a48c8
Event: 1.085 Thread 0x0000023fa50ec2f0 Implicit null exception at 0x0000023fb22a33bd to 0x0000023fb22a3441
Event: 1.271 Thread 0x0000023fa50ec2f0 Exception <a 'java/lang/NoSuchMethodError'{0x00000000d59c0f58}: 'void java.lang.invoke.DirectMethodHandle$Holder.invokeSpecial(java.lang.Object, java.lang.Object, java.lang.Object)'> (0x00000000d59c0f58) 
thrown [s\src\hotspot\share\interpreter\linkResolver.cpp, line 773]
Event: 1.610 Thread 0x0000023fa50ec2f0 Exception <a 'java/lang/NoSuchMethodError'{0x00000000d64115d8}: 'int java.lang.invoke.DirectMethodHandle$Holder.invokeVirtual(java.lang.Object, java.lang.Object)'> (0x00000000d64115d8) 
thrown [s\src\hotspot\share\interpreter\linkResolver.cpp, line 773]
Event: 1.712 Thread 0x0000023fa50ec2f0 Exception <a 'java/lang/NoSuchMethodError'{0x00000000d6588198}: 'int java.lang.invoke.DirectMethodHandle$Holder.invokeStaticInit(java.lang.Object, java.lang.Object, java.lang.Object, java.lang.Object)'> (0x00000000d6588198) 
thrown [s\src\hotspot\share\interpreter\linkResolver.cpp, line 773]
Event: 1.713 Thread 0x0000023fa50ec2f0 Exception <a 'java/lang/IncompatibleClassChangeError'{0x00000000d65905a0}: Found class java.lang.Object, but interface was expected> (0x00000000d65905a0) 
thrown [s\src\hotspot\share\interpreter\linkResolver.cpp, line 840]
Event: 1.714 Thread 0x0000023fa50ec2f0 Exception <a 'java/lang/NoSuchMethodError'{0x00000000d6596b70}: 'void java.lang.invoke.DirectMethodHandle$Holder.invokeStaticInit(java.lang.Object, java.lang.Object)'> (0x00000000d6596b70) 
thrown [s\src\hotspot\share\interpreter\linkResolver.cpp, line 773]
Event: 1.715 Thread 0x0000023fa50ec2f0 Exception <a 'java/lang/NoSuchMethodError'{0x00000000d65a1068}: 'int java.lang.invoke.DirectMethodHandle$Holder.invokeStaticInit(java.lang.Object, java.lang.Object)'> (0x00000000d65a1068) 
thrown [s\src\hotspot\share\interpreter\linkResolver.cpp, line 773]
Event: 1.794 Thread 0x0000023fa50ec2f0 Exception <a 'java/lang/NoSuchMethodError'{0x00000000d67e83f0}: 'java.lang.Object java.lang.invoke.DirectMethodHandle$Holder.newInvokeSpecial(java.lang.Object, int, java.lang.Object)'> (0x00000000d67e83f0) 
thrown [s\src\hotspot\share\interpreter\linkResolver.cpp, line 773]
Event: 1.838 Thread 0x0000023fa50ec2f0 Exception <a 'java/lang/ClassNotFoundException'{0x00000000d69fff70}: sun/net/www/protocol/plurl/Handler> (0x00000000d69fff70) 
thrown [s\src\hotspot\share\classfile\systemDictionary.cpp, line 312]
Event: 1.838 Thread 0x0000023fa50ec2f0 Exception <a 'java/lang/ClassNotFoundException'{0x00000000d6a00df0}: sun/net/www/protocol/plurl/Handler> (0x00000000d6a00df0) 
thrown [s\src\hotspot\share\classfile\systemDictionary.cpp, line 312]
Event: 2.185 Thread 0x0000023fa50ec2f0 Exception <a 'java/lang/UnsatisfiedLinkError'{0x00000000d5596a38}: 'void org.eclipse.equinox.launcher.JNIBridge._update_splash()'> (0x00000000d5596a38) 
thrown [s\src\hotspot\share\prims\nativeLookup.cpp, line 415]
Event: 2.236 Thread 0x0000023f80c03a00 Exception <a 'java/lang/NoSuchMethodError'{0x00000000d5867b90}: 'void java.lang.invoke.DirectMethodHandle$Holder.invokeInterface(java.lang.Object, java.lang.Object, java.lang.Object)'> (0x00000000d5867b90) 
thrown [s\src\hotspot\share\interpreter\linkResolver.cpp, line 773]
Event: 2.336 Thread 0x0000023f8573a970 Exception <a 'java/lang/NoSuchMethodError'{0x00000000d5c4de70}: 'java.lang.Object java.lang.invoke.DirectMethodHandle$Holder.newInvokeSpecial(java.lang.Object, java.lang.Object, int, java.lang.Object)'> (0x00000000d5c4de70) 
thrown [s\src\hotspot\share\interpreter\linkResolver.cpp, line 773]
Event: 2.336 Thread 0x0000023f8573a970 Exception <a 'java/lang/NoSuchMethodError'{0x00000000d5c51ca0}: 'java.lang.Object java.lang.invoke.DirectMethodHandle$Holder.invokeSpecial(java.lang.Object, java.lang.Object, java.lang.Object, int, java.lang.Object)'> (0x00000000d5c51ca0) 
thrown [s\src\hotspot\share\interpreter\linkResolver.cpp, line 773]
Event: 2.352 Thread 0x0000023f8573a970 Exception <a 'java/lang/NoClassDefFoundError'{0x00000000d5cf8b38}: jakarta/servlet/ServletContainerInitializer> (0x00000000d5cf8b38) 
thrown [s\src\hotspot\share\classfile\systemDictionary.cpp, line 301]
Event: 2.371 Thread 0x0000023f8573a970 Exception <a 'java/lang/NoSuchMethodError'{0x00000000d5e27c40}: 'java.lang.Object java.lang.invoke.DirectMethodHandle$Holder.invokeStatic(java.lang.Object, int, java.lang.Object)'> (0x00000000d5e27c40) 
thrown [s\src\hotspot\share\interpreter\linkResolver.cpp, line 773]
Event: 2.377 Thread 0x0000023f8573a970 Exception <a 'java/lang/ClassNotFoundException'{0x00000000d5e7bfe0}: sun/util/logging/resources/spi/loggingProvider> (0x00000000d5e7bfe0) 
thrown [s\src\hotspot\share\classfile\systemDictionary.cpp, line 312]

ZGC Phase Switch (0 events):
No events

VM Operations (20 events):
Event: 1.889 Executing VM operation: ICBufferFull done
Event: 2.175 Executing VM operation: ParallelGCFailedAllocation (Allocation Failure)
Event: 2.181 Executing VM operation: ParallelGCFailedAllocation (Allocation Failure) done
Event: 2.364 Executing VM operation: HandshakeAllThreads (Deoptimize)
Event: 2.364 Executing VM operation: HandshakeAllThreads (Deoptimize) done
Event: 2.385 Executing VM operation: HandshakeAllThreads (Deoptimize)
Event: 2.385 Executing VM operation: HandshakeAllThreads (Deoptimize) done
Event: 2.401 Executing VM operation: HandshakeAllThreads (Deoptimize)
Event: 2.401 Executing VM operation: HandshakeAllThreads (Deoptimize) done
Event: 2.410 Executing VM operation: HandshakeAllThreads (Deoptimize)
Event: 2.411 Executing VM operation: HandshakeAllThreads (Deoptimize) done
Event: 2.646 Executing VM operation: ParallelGCFailedAllocation (Allocation Failure)
Event: 2.652 Executing VM operation: ParallelGCFailedAllocation (Allocation Failure) done
Event: 2.718 Executing VM operation: HandshakeAllThreads (Deoptimize)
Event: 2.718 Executing VM operation: HandshakeAllThreads (Deoptimize) done
Event: 3.719 Executing VM operation: Cleanup
Event: 3.719 Executing VM operation: Cleanup done
Event: 4.726 Executing VM operation: Cleanup
Event: 4.727 Executing VM operation: Cleanup done
Event: 5.732 Executing VM operation: Cleanup

Memory protections (0 events):
No events

Nmethod flushes (0 events):
No events

Events (20 events):
Event: 0.035 Thread 0x0000023fa50ec2f0 Thread added: 0x0000023fa762df10
Event: 0.037 Thread 0x0000023fa50ec2f0 Thread added: 0x0000023f808bb9a0
Event: 0.087 Thread 0x0000023f808bb9a0 Thread added: 0x0000023f80a28050
Event: 0.101 Thread 0x0000023fa50ec2f0 Thread added: 0x0000023f80abbc00
Event: 0.343 Thread 0x0000023fa50ec2f0 Thread added: 0x0000023f80c25560
Event: 0.592 Thread 0x0000023f808bb9a0 Thread added: 0x0000023f85057070
Event: 1.185 Thread 0x0000023f85057070 Thread exited: 0x0000023f85057070
Event: 1.359 Thread 0x0000023f808bb9a0 Thread added: 0x0000023f856b8260
Event: 1.721 Thread 0x0000023f856b8260 Thread exited: 0x0000023f856b8260
Event: 1.721 Thread 0x0000023f80a28050 Thread exited: 0x0000023f80a28050
Event: 1.727 Thread 0x0000023fa50ec2f0 Thread added: 0x0000023f80a28050
Event: 1.891 Thread 0x0000023f808bb9a0 Thread added: 0x0000023f85a86180
Event: 2.121 Thread 0x0000023f85a86180 Thread exited: 0x0000023f85a86180
Event: 2.182 Thread 0x0000023fa50ec2f0 Thread added: 0x0000023f80c03a00
Event: 2.240 Thread 0x0000023f80c03a00 Thread added: 0x0000023f8582ed30
Event: 2.243 Thread 0x0000023fa50ec2f0 Thread added: 0x0000023f8573a970
Event: 2.418 Thread 0x0000023f808bb9a0 Thread added: 0x0000023f8589d660
Event: 2.418 Thread 0x0000023f808bb9a0 Thread added: 0x0000023f857af460
Event: 2.710 Thread 0x0000023f8573a970 Thread added: 0x0000023f85577c10
Event: 3.800 Thread 0x0000023f857af460 Thread exited: 0x0000023f857af460


Dynamic libraries:
0x00007ff7dcc40000 - 0x00007ff7dcc4e000 	c:\Users\User\.vscode\extensions\redhat.java-1.52.0-win32-x64\jre\21.0.9-win32-x86_64\bin\java.exe
0x00007ffff54c0000 - 0x00007ffff5728000 	C:\WINDOWS\SYSTEM32\ntdll.dll
0x00007ffff3900000 - 0x00007ffff39c9000 	C:\WINDOWS\System32\KERNEL32.DLL
0x00007ffff1da0000 - 0x00007ffff2191000 	C:\WINDOWS\System32\KERNELBASE.dll
0x00007ffff21a0000 - 0x00007ffff22eb000 	C:\WINDOWS\System32\ucrtbase.dll
0x00007fff82570000 - 0x00007fff8258e000 	c:\Users\User\.vscode\extensions\redhat.java-1.52.0-win32-x64\jre\21.0.9-win32-x86_64\bin\VCRUNTIME140.dll
0x00007fffb9090000 - 0x00007fffb90a8000 	c:\Users\User\.vscode\extensions\redhat.java-1.52.0-win32-x64\jre\21.0.9-win32-x86_64\bin\jli.dll
0x00007ffff46e0000 - 0x00007ffff48a6000 	C:\WINDOWS\System32\USER32.dll
0x00007fffd8c80000 - 0x00007fffd8f13000 	C:\WINDOWS\WinSxS\amd64_microsoft.windows.common-controls_6595b64144ccf1df_6.0.26100.7824_none_3e0870b2e3345462\COMCTL32.dll
0x00007ffff30d0000 - 0x00007ffff30f7000 	C:\WINDOWS\System32\win32u.dll
0x00007ffff36a0000 - 0x00007ffff3749000 	C:\WINDOWS\System32\msvcrt.dll
0x00007ffff5140000 - 0x00007ffff516b000 	C:\WINDOWS\System32\GDI32.dll
0x00007ffff22f0000 - 0x00007ffff241b000 	C:\WINDOWS\System32\gdi32full.dll
0x00007ffff3100000 - 0x00007ffff31a3000 	C:\WINDOWS\System32\msvcp_win.dll
0x00007ffff3260000 - 0x00007ffff3291000 	C:\WINDOWS\System32\IMM32.DLL
0x00007fffe02d0000 - 0x00007fffe02dc000 	c:\Users\User\.vscode\extensions\redhat.java-1.52.0-win32-x64\jre\21.0.9-win32-x86_64\bin\vcruntime140_1.dll
0x00007fff7eba0000 - 0x00007fff7ec2d000 	c:\Users\User\.vscode\extensions\redhat.java-1.52.0-win32-x64\jre\21.0.9-win32-x86_64\bin\msvcp140.dll
0x00007fff0cc60000 - 0x00007fff0da00000 	c:\Users\User\.vscode\extensions\redhat.java-1.52.0-win32-x64\jre\21.0.9-win32-x86_64\bin\server\jvm.dll
0x00007ffff5230000 - 0x00007ffff52e4000 	C:\WINDOWS\System32\ADVAPI32.dll
0x00007ffff37d0000 - 0x00007ffff3876000 	C:\WINDOWS\System32\sechost.dll
0x00007ffff3520000 - 0x00007ffff3638000 	C:\WINDOWS\System32\RPCRT4.dll
0x00007ffff5400000 - 0x00007ffff5474000 	C:\WINDOWS\System32\WS2_32.dll
0x00007ffff1c00000 - 0x00007ffff1c5e000 	C:\WINDOWS\SYSTEM32\POWRPROF.dll
0x00007fffd9780000 - 0x00007fffd978b000 	C:\WINDOWS\SYSTEM32\VERSION.dll
0x00007fffe6be0000 - 0x00007fffe6c15000 	C:\WINDOWS\SYSTEM32\WINMM.dll
0x00007ffff1be0000 - 0x00007ffff1bf4000 	C:\WINDOWS\SYSTEM32\UMPDC.dll
0x00007ffff0b40000 - 0x00007ffff0b5b000 	C:\WINDOWS\SYSTEM32\kernel.appcore.dll
0x00007fffdaa10000 - 0x00007fffdaa1a000 	c:\Users\User\.vscode\extensions\redhat.java-1.52.0-win32-x64\jre\21.0.9-win32-x86_64\bin\jimage.dll
0x00007fffefb60000 - 0x00007fffefda2000 	C:\WINDOWS\SYSTEM32\DBGHELP.DLL
0x00007ffff4aa0000 - 0x00007ffff4e26000 	C:\WINDOWS\System32\combase.dll
0x00007ffff3440000 - 0x00007ffff3517000 	C:\WINDOWS\System32\OLEAUT32.dll
0x00007fffce150000 - 0x00007fffce18b000 	C:\WINDOWS\SYSTEM32\dbgcore.DLL
0x00007ffff31b0000 - 0x00007ffff3255000 	C:\WINDOWS\System32\bcryptPrimitives.dll
0x00007fffc42e0000 - 0x00007fffc42ef000 	c:\Users\User\.vscode\extensions\redhat.java-1.52.0-win32-x64\jre\21.0.9-win32-x86_64\bin\instrument.dll
0x00007fff7f450000 - 0x00007fff7f470000 	c:\Users\User\.vscode\extensions\redhat.java-1.52.0-win32-x64\jre\21.0.9-win32-x86_64\bin\java.dll
0x00007ffff39d0000 - 0x00007ffff4122000 	C:\WINDOWS\System32\SHELL32.dll
0x00007ffff2de0000 - 0x00007ffff2f4a000 	C:\WINDOWS\System32\wintypes.dll
0x00007ffff2420000 - 0x00007ffff2c83000 	C:\WINDOWS\System32\windows.storage.dll
0x00007ffff5300000 - 0x00007ffff53f6000 	C:\WINDOWS\System32\SHCORE.dll
0x00007ffff41b0000 - 0x00007ffff4217000 	C:\WINDOWS\System32\shlwapi.dll
0x00007ffff1cc0000 - 0x00007ffff1ce9000 	C:\WINDOWS\SYSTEM32\profapi.dll
0x00007fff7eb80000 - 0x00007fff7eb98000 	c:\Users\User\.vscode\extensions\redhat.java-1.52.0-win32-x64\jre\21.0.9-win32-x86_64\bin\zip.dll
0x00007fffc2aa0000 - 0x00007fffc2ab0000 	C:\Users\User\.vscode\extensions\redhat.java-1.52.0-win32-x64\jre\21.0.9-win32-x86_64\bin\net.dll
0x00007fffe1ed0000 - 0x00007fffe1ff7000 	C:\WINDOWS\SYSTEM32\WINHTTP.dll
0x00007ffff10b0000 - 0x00007ffff111b000 	C:\WINDOWS\system32\mswsock.dll
0x00007fff7eb60000 - 0x00007fff7eb76000 	C:\Users\User\.vscode\extensions\redhat.java-1.52.0-win32-x64\jre\21.0.9-win32-x86_64\bin\nio.dll
0x00007fffb9c40000 - 0x00007fffb9c50000 	c:\Users\User\.vscode\extensions\redhat.java-1.52.0-win32-x64\jre\21.0.9-win32-x86_64\bin\verify.dll
0x00007fff229e0000 - 0x00007fff22a25000 	C:\Users\User\AppData\Roaming\Code\User\globalStorage\redhat.java\1.52.0\config_win\org.eclipse.equinox.launcher\org.eclipse.equinox.launcher.win32.win32.x86_64_1.2.1500.v20260121-1430\eclipse_11919.dll
0x00007ffff32a0000 - 0x00007ffff3437000 	C:\WINDOWS\System32\ole32.dll

JVMTI agents:
c:\Users\User\.vscode\extensions\redhat.java-1.52.0-win32-x64\lombok\lombok-1.18.39-4050.jar path:c:\Users\User\.vscode\extensions\redhat.java-1.52.0-win32-x64\jre\21.0.9-win32-x86_64\bin\instrument.dll, loaded, initialized, instrumentlib options:none

dbghelp: loaded successfully - version: 4.0.5 - missing functions: none
symbol engine: initialized successfully - sym options: 0x614 - pdb path: .;c:\Users\User\.vscode\extensions\redhat.java-1.52.0-win32-x64\jre\21.0.9-win32-x86_64\bin;C:\WINDOWS\SYSTEM32;C:\WINDOWS\WinSxS\amd64_microsoft.windows.common-controls_6595b64144ccf1df_6.0.26100.7824_none_3e0870b2e3345462;c:\Users\User\.vscode\extensions\redhat.java-1.52.0-win32-x64\jre\21.0.9-win32-x86_64\bin\server;C:\Users\User\AppData\Roaming\Code\User\globalStorage\redhat.java\1.52.0\config_win\org.eclipse.equinox.launcher\org.eclipse.equinox.launcher.win32.win32.x86_64_1.2.1500.v20260121-1430

VM Arguments:
jvm_args: --add-modules=ALL-SYSTEM --add-opens=java.base/java.util=ALL-UNNAMED --add-opens=java.base/java.lang=ALL-UNNAMED --add-opens=java.base/sun.nio.fs=ALL-UNNAMED -Declipse.application=org.eclipse.jdt.ls.core.id1 -Dosgi.bundles.defaultStartLevel=4 -Declipse.product=org.eclipse.jdt.ls.core.product -Djava.import.generatesMetadataFilesAtProjectRoot=false -DDetectVMInstallationsJob.disabled=true -Dfile.encoding=utf8 -XX:+UseParallelGC -XX:GCTimeRatio=4 -XX:AdaptiveSizePolicyWeight=90 -Dsun.zip.disableMemoryMapping=true -Xmx2G -Xms100m -Xlog:disable -javaagent:c:\Users\User\.vscode\extensions\redhat.java-1.52.0-win32-x64\lombok\lombok-1.18.39-4050.jar -XX:+HeapDumpOnOutOfMemoryError -XX:HeapDumpPath=c:\Users\User\AppData\Roaming\Code\User\workspaceStorage\66aa9b7fae2d2ea1ead16b3672061e47\redhat.java -Daether.dependencyCollector.impl=bf 
java_command: c:\Users\User\.vscode\extensions\redhat.java-1.52.0-win32-x64\server\plugins\org.eclipse.equinox.launcher_1.7.100.v20251111-0406.jar -configuration c:\Users\User\AppData\Roaming\Code\User\globalStorage\redhat.java\1.52.0\config_win -data c:\Users\User\AppData\Roaming\Code\User\workspaceStorage\66aa9b7fae2d2ea1ead16b3672061e47\redhat.java\jdt_ws --pipe=\\.\pipe\lsp-638befd4f0245e7798a86adf2f78383d-sock
java_class_path (initial): c:\Users\User\.vscode\extensions\redhat.java-1.52.0-win32-x64\server\plugins\org.eclipse.equinox.launcher_1.7.100.v20251111-0406.jar
Launcher Type: SUN_STANDARD

[Global flags]
    uintx AdaptiveSizePolicyWeight                 = 90                                        {product} {command line}
     intx CICompilerCount                          = 4                                         {product} {ergonomic}
    uintx GCTimeRatio                              = 4                                         {product} {command line}
     bool HeapDumpOnOutOfMemoryError               = true                                   {manageable} {command line}
    ccstr HeapDumpPath                             = c:\Users\User\AppData\Roaming\Code\User\workspaceStorage\66aa9b7fae2d2ea1ead16b3672061e47\redhat.java         {manageable} {command line}
   size_t InitialHeapSize                          = 104857600                                 {product} {command line}
   size_t MaxHeapSize                              = 2147483648                                {product} {command line}
   size_t MaxNewSize                               = 715653120                                 {product} {ergonomic}
   size_t MinHeapDeltaBytes                        = 524288                                    {product} {ergonomic}
   size_t MinHeapSize                              = 104857600                                 {product} {command line}
   size_t NewSize                                  = 34603008                                  {product} {ergonomic}
    uintx NonNMethodCodeHeapSize                   = 5839372                                {pd product} {ergonomic}
    uintx NonProfiledCodeHeapSize                  = 122909434                              {pd product} {ergonomic}
   size_t OldSize                                  = 70254592                                  {product} {ergonomic}
    uintx ProfiledCodeHeapSize                     = 122909434                              {pd product} {ergonomic}
    uintx ReservedCodeCacheSize                    = 251658240                              {pd product} {ergonomic}
     bool SegmentedCodeCache                       = true                                      {product} {ergonomic}
   size_t SoftMaxHeapSize                          = 2147483648                             {manageable} {ergonomic}
     bool UseCompressedOops                        = true                           {product lp64_product} {ergonomic}
     bool UseLargePagesIndividualAllocation        = false                                  {pd product} {ergonomic}
     bool UseParallelGC                            = true                                      {product} {command line}

Logging:
Log output configuration:
 #0: stdout all=off uptime,level,tags foldmultilines=false
 #1: stderr all=off uptime,level,tags foldmultilines=false

Release file:
JAVA_VERSION="21.0.9" 
MODULES="java.base java.compiler java.datatransfer java.xml java.prefs java.desktop java.instrument java.logging java.management java.security.sasl java.naming java.rmi java.management.rmi java.net.http java.scripting java.security.jgss java.transaction.xa java.sql java.sql.rowset java.xml.crypto java.se java.smartcardio jdk.accessibility jdk.internal.jvmstat jdk.attach jdk.charsets jdk.internal.opt jdk.zipfs jdk.compiler jdk.crypto.ec jdk.crypto.cryptoki jdk.crypto.mscapi jdk.dynalink jdk.internal.ed jdk.editpad jdk.hotspot.agent jdk.httpserver jdk.internal.le jdk.internal.vm.ci jdk.internal.vm.compiler jdk.internal.vm.compiler.management jdk.jartool jdk.javadoc jdk.jcmd jdk.management jdk.management.agent jdk.jconsole jdk.jdeps jdk.jdwp.agent jdk.jdi jdk.jfr jdk.jshell jdk.jsobject jdk.jstatd jdk.localedata jdk.management.jfr jdk.naming.dns jdk.naming.rmi jdk.net jdk.nio.mapmode jdk.random jdk.sctp jdk.security.auth jdk.security.jgss jdk.unsupported jdk.unsupported.desktop jdk.xml.dom" 

Environment Variables:
PATH=C:\Program Files (x86)\Common Files\Oracle\Java\java8path;C:\Program Files (x86)\Common Files\Oracle\Java\javapath;C:\WINDOWS\system32;C:\WINDOWS;C:\WINDOWS\System32\Wbem;C:\WINDOWS\System32\WindowsPowerShell\v1.0\;C:\WINDOWS\System32\OpenSSH\;C:\Program Files (x86)\Windows Kits\10\Windows Performance Toolkit\;C:\Program Files\dotnet\;C:\Program Files\nodejs\;C:\Users\User\AppData\Local\Programs\Python\Python313\Scripts\;C:\Users\User\AppData\Local\Programs\Python\Python313\;C:\Users\User\AppData\Local\Microsoft\WindowsApps;C:\Microsoft VS Code\bin;C:\Program Files\JetBrains\PyCharm 2025.1\bin;;C:\Users\User\.dotnet\tools;C:\Users\User\AppData\Roaming\npm;C:\Users\User\AppData\Local\GitHubDesktop\bin;D:\IntelliJ IDEA 2025.3.2\bin
USERNAME=User
OS=Windows_NT
PROCESSOR_IDENTIFIER=Intel64 Family 6 Model 154 Stepping 4, GenuineIntel
TMP=C:\Users\User\AppData\Local\Temp
TEMP=C:\Users\User\AppData\Local\Temp




Periodic native trim disabled

---------------  S Y S T E M  ---------------

OS:
 Windows 11 , 64 bit Build 26100 (10.0.26100.7705)
OS uptime: 0 days 4:03 hours

CPU: total 8 (initial active 8) (4 cores per cpu, 2 threads per core) family 6 model 154 stepping 4 microcode 0x42c, cx8, cmov, fxsr, ht, mmx, 3dnowpref, sse, sse2, sse3, ssse3, sse4.1, sse4.2, popcnt, lzcnt, tsc, tscinvbit, avx, avx2, aes, erms, clmul, bmi1, bmi2, adx, sha, fma, vzeroupper, clflush, clflushopt, clwb, serialize, rdtscp, rdpid, fsrm, f16c, pku, cet_ibt, cet_ss
Processor Information for processor 0
  Max Mhz: 1200, Current Mhz: 1200, Mhz Limit: 1200
Processor Information for processor 1
  Max Mhz: 1200, Current Mhz: 1200, Mhz Limit: 1200
Processor Information for processor 2
  Max Mhz: 1200, Current Mhz: 1200, Mhz Limit: 1200
Processor Information for processor 3
  Max Mhz: 1200, Current Mhz: 1200, Mhz Limit: 1200
Processor Information for processor 4
  Max Mhz: 1200, Current Mhz: 900, Mhz Limit: 900
Processor Information for processor 5
  Max Mhz: 1200, Current Mhz: 900, Mhz Limit: 900
Processor Information for processor 6
  Max Mhz: 1200, Current Mhz: 900, Mhz Limit: 900
Processor Information for processor 7
  Max Mhz: 1200, Current Mhz: 900, Mhz Limit: 900

Memory: 4k page, system-wide physical 16069M (1939M free)
TotalPageFile size 18117M (AvailPageFile size 4M)
current process WorkingSet (physical memory assigned to process): 108M, peak: 111M
current process commit charge ("private bytes"): 248M, peak: 253M

vm_info: OpenJDK 64-Bit Server VM (21.0.9+10-LTS) for windows-amd64 JRE (21.0.9+10-LTS), built on 2025-10-21T00:00:00Z by "admin" with unknown MS VC++:1942

END.
