#
# There is insufficient memory for the Java Runtime Environment to continue.
# Native memory allocation (malloc) failed to allocate 92016 bytes. Error detail: Chunk::new
# Possible reasons:
#   The system is out of physical RAM or swap space
#   This process is running with CompressedOops enabled, and the Java Heap may be blocking the growth of the native heap
# Possible solutions:
#   Reduce memory load on the system
#   Increase physical memory or swap space
#   Check if swap backing store is full
#   Decrease Java heap size (-Xmx/-Xms)
#   Decrease number of Java threads
#   Decrease Java thread stack sizes (-Xss)
#   Set larger code cache with -XX:ReservedCodeCacheSize=
#   JVM is running with Unscaled Compressed Oops mode in which the Java heap is
#     placed in the first 4GB address space. The Java Heap base address is the
#     maximum limit for the native heap growth. Please use -XX:HeapBaseMinAddress
#     to set the Java Heap base and to place the Java Heap above 4GB virtual address.
# This output file may be truncated or incomplete.
#
#  Out of Memory Error (arena.cpp:168), pid=10896, tid=7232
#
# JRE version: OpenJDK Runtime Environment Temurin-21.0.9+10 (21.0.9+10) (build 21.0.9+10-LTS)
# Java VM: OpenJDK 64-Bit Server VM Temurin-21.0.9+10 (21.0.9+10-LTS, mixed mode, sharing, tiered, compressed oops, compressed class ptrs, parallel gc, windows-amd64)
# No core dump will be written. Minidumps are not enabled by default on client versions of Windows
#

---------------  S U M M A R Y ------------

Command Line: --add-modules=ALL-SYSTEM --add-opens=java.base/java.util=ALL-UNNAMED --add-opens=java.base/java.lang=ALL-UNNAMED --add-opens=java.base/sun.nio.fs=ALL-UNNAMED -Declipse.application=org.eclipse.jdt.ls.core.id1 -Dosgi.bundles.defaultStartLevel=4 -Declipse.product=org.eclipse.jdt.ls.core.product -Djava.import.generatesMetadataFilesAtProjectRoot=false -DDetectVMInstallationsJob.disabled=true -Dfile.encoding=utf8 -XX:+UseParallelGC -XX:GCTimeRatio=4 -XX:AdaptiveSizePolicyWeight=90 -Dsun.zip.disableMemoryMapping=true -Xmx2G -Xms100m -Xlog:disable -javaagent:c:\Users\User\.vscode\extensions\redhat.java-1.52.0-win32-x64\lombok\lombok-1.18.39-4050.jar -XX:+HeapDumpOnOutOfMemoryError -XX:HeapDumpPath=c:\Users\User\AppData\Roaming\Code\User\workspaceStorage\66aa9b7fae2d2ea1ead16b3672061e47\redhat.java -Daether.dependencyCollector.impl=bf c:\Users\User\.vscode\extensions\redhat.java-1.52.0-win32-x64\server\plugins\org.eclipse.equinox.launcher_1.7.100.v20251111-0406.jar -configuration c:\Users\User\AppData\Roaming\Code\User\globalStorage\redhat.java\1.52.0\config_win -data c:\Users\User\AppData\Roaming\Code\User\workspaceStorage\66aa9b7fae2d2ea1ead16b3672061e47\redhat.java\jdt_ws --pipe=\\.\pipe\lsp-e6fccb2c3766d58383cd07a76540cc7b-sock

Host: 12th Gen Intel(R) Core(TM) i3-1215U, 8 cores, 15G,  Windows 11 , 64 bit Build 26100 (10.0.26100.7705)
Time: Wed Feb 18 11:52:16 2026 elapsed time: 7.070469 seconds (0d 0h 0m 7s)

---------------  T H R E A D  ---------------

Current thread (0x0000023d8d932e80):  JavaThread "C2 CompilerThread1" daemon [_thread_in_native, id=7232, stack(0x000000866f400000,0x000000866f500000) (1024K)]


Current CompileTask:
C2:7070 1312   !   4       java.io.BufferedInputStream::read (69 bytes)

Stack: [0x000000866f400000,0x000000866f500000]
Native frames: (J=compiled Java code, j=interpreted, Vv=VM code, C=native code)
V  [jvm.dll+0x6d6e29]
V  [jvm.dll+0x8b4b76]
V  [jvm.dll+0x8b712e]
V  [jvm.dll+0x8b7813]
V  [jvm.dll+0x283d86]
V  [jvm.dll+0xc66ed]
V  [jvm.dll+0xc6c31]
V  [jvm.dll+0x3be501]
V  [jvm.dll+0x1e3b52]
V  [jvm.dll+0x24c0f3]
V  [jvm.dll+0x24b580]
V  [jvm.dll+0x1cb13e]
V  [jvm.dll+0x25b29d]
V  [jvm.dll+0x25982a]
V  [jvm.dll+0x3f7ea6]
V  [jvm.dll+0x85e9ad]
V  [jvm.dll+0x6d565d]
C  [ucrtbase.dll+0x37b0]
C  [KERNEL32.DLL+0x2e8d7]
C  [ntdll.dll+0x8c40c]


---------------  P R O C E S S  ---------------

Threads class SMR info:
_java_thread_list=0x0000023d8daa7880, length=13, elements={
0x0000023d3213b4d0, 0x0000023d34537700, 0x0000023d343fa3b0, 0x0000023d34539880,
0x0000023d3453a4d0, 0x0000023d3453e690, 0x0000023d343fe060, 0x0000023d34405390,
0x0000023d3441b730, 0x0000023d8d932e80, 0x0000023d8d9ceb50, 0x0000023d8dab1150,
0x0000023d920d0810
}

Java Threads: ( => current thread )
  0x0000023d3213b4d0 JavaThread "main"                              [_thread_in_vm, id=6664, stack(0x000000866e800000,0x000000866e900000) (1024K)]
  0x0000023d34537700 JavaThread "Reference Handler"          daemon [_thread_blocked, id=1428, stack(0x000000866ec00000,0x000000866ed00000) (1024K)]
  0x0000023d343fa3b0 JavaThread "Finalizer"                  daemon [_thread_blocked, id=19780, stack(0x000000866ed00000,0x000000866ee00000) (1024K)]
  0x0000023d34539880 JavaThread "Signal Dispatcher"          daemon [_thread_blocked, id=22816, stack(0x000000866ee00000,0x000000866ef00000) (1024K)]
  0x0000023d3453a4d0 JavaThread "Attach Listener"            daemon [_thread_blocked, id=4032, stack(0x000000866ef00000,0x000000866f000000) (1024K)]
  0x0000023d3453e690 JavaThread "Service Thread"             daemon [_thread_blocked, id=23476, stack(0x000000866f000000,0x000000866f100000) (1024K)]
  0x0000023d343fe060 JavaThread "Monitor Deflation Thread"   daemon [_thread_blocked, id=17944, stack(0x000000866f100000,0x000000866f200000) (1024K)]
  0x0000023d34405390 JavaThread "C2 CompilerThread0"         daemon [_thread_in_native, id=18948, stack(0x000000866f200000,0x000000866f300000) (1024K)]
  0x0000023d3441b730 JavaThread "C1 CompilerThread0"         daemon [_thread_blocked, id=11664, stack(0x000000866f300000,0x000000866f400000) (1024K)]
=>0x0000023d8d932e80 JavaThread "C2 CompilerThread1"         daemon [_thread_in_native, id=7232, stack(0x000000866f400000,0x000000866f500000) (1024K)]
  0x0000023d8d9ceb50 JavaThread "Common-Cleaner"             daemon [_thread_blocked, id=23180, stack(0x000000866f500000,0x000000866f600000) (1024K)]
  0x0000023d8dab1150 JavaThread "Notification Thread"        daemon [_thread_blocked, id=11888, stack(0x000000866f600000,0x000000866f700000) (1024K)]
  0x0000023d920d0810 JavaThread "C2 CompilerThread2"         daemon [_thread_in_native, id=15976, stack(0x000000866f700000,0x000000866f800000) (1024K)]
Total: 13

Other Threads:
  0x0000023d34521b30 VMThread "VM Thread"                           [id=14632, stack(0x000000866eb00000,0x000000866ec00000) (1024K)]
  0x0000023d344ebfd0 WatcherThread "VM Periodic Task Thread"        [id=20016, stack(0x000000866ea00000,0x000000866eb00000) (1024K)]
  0x0000023d3449c690 WorkerThread "GC Thread#0"                     [id=10264, stack(0x000000866e900000,0x000000866ea00000) (1024K)]
  0x0000023d925686e0 WorkerThread "GC Thread#1"                     [id=21888, stack(0x000000866f800000,0x000000866f900000) (1024K)]
  0x0000023d923312d0 WorkerThread "GC Thread#2"                     [id=22776, stack(0x000000866f900000,0x000000866fa00000) (1024K)]
  0x0000023d92331670 WorkerThread "GC Thread#3"                     [id=22744, stack(0x000000866fa00000,0x000000866fb00000) (1024K)]
  0x0000023d924c3bf0 WorkerThread "GC Thread#4"                     [id=22768, stack(0x000000866fb00000,0x000000866fc00000) (1024K)]
  0x0000023d924c3f90 WorkerThread "GC Thread#5"                     [id=9636, stack(0x000000866fc00000,0x000000866fd00000) (1024K)]
  0x0000023d924c4330 WorkerThread "GC Thread#6"                     [id=1560, stack(0x000000866fd00000,0x000000866fe00000) (1024K)]
Total: 9

Threads with active compile tasks:
C2 CompilerThread0  8121 1299       4       java.io.DataInputStream::readUTF (501 bytes)
C2 CompilerThread1  8121 1312   !   4       java.io.BufferedInputStream::read (69 bytes)
C2 CompilerThread2  8122 1328       4       java.util.HashMap::putVal (300 bytes)
Total: 3

VM state: not at safepoint (normal execution)

VM Mutex/Monitor currently owned by a thread: None

Heap address: 0x0000000080000000, size: 2048 MB, Compressed Oops mode: 32-bit

CDS archive(s) mapped at: [0x0000023d4b000000-0x0000023d4bba0000-0x0000023d4bba0000), size 12189696, SharedBaseAddress: 0x0000023d4b000000, ArchiveRelocationMode: 1.
Compressed class space mapped at: 0x0000023d4c000000-0x0000023d8c000000, reserved size: 1073741824
Narrow klass base: 0x0000023d4b000000, Narrow klass shift: 0, Narrow klass range: 0x100000000

GC Precious Log:
 CardTable entry size: 512
 CPUs: 8 total, 8 available
 Memory: 16069M
 Large Page Support: Disabled
 NUMA Support: Disabled
 Compressed Oops: Enabled (32-bit)
 Alignments: Space 512K, Generation 512K, Heap 2M
 Heap Min Capacity: 100M
 Heap Initial Capacity: 100M
 Heap Max Capacity: 2G
 Pre-touch: Disabled
 Parallel Workers: 8

Heap:
 PSYoungGen      total 29696K, used 11852K [0x00000000d5580000, 0x00000000d7680000, 0x0000000100000000)
  eden space 25600K, 33% used [0x00000000d5580000,0x00000000d5ddd2e0,0x00000000d6e80000)
  from space 4096K, 80% used [0x00000000d6e80000,0x00000000d71b5ea8,0x00000000d7280000)
  to   space 4096K, 0% used [0x00000000d7280000,0x00000000d7280000,0x00000000d7680000)
 ParOldGen       total 68608K, used 16K [0x0000000080000000, 0x0000000084300000, 0x00000000d5580000)
  object space 68608K, 0% used [0x0000000080000000,0x0000000080004000,0x0000000084300000)
 Metaspace       used 5933K, committed 6208K, reserved 1114112K
  class space    used 616K, committed 768K, reserved 1048576K

Card table byte_map: [0x0000023d33e20000,0x0000023d34230000] _byte_map_base: 0x0000023d33a20000

Marking Bits: (ParMarkBitMap*) 0x00007fff0d922460
 Begin Bits: [0x0000023d46930000, 0x0000023d48930000)
 End Bits:   [0x0000023d48930000, 0x0000023d4a930000)

Polling page: 0x0000023d322c0000

Metaspace:

Usage:
  Non-class:      5.19 MB used.
      Class:    616.31 KB used.
       Both:      5.79 MB used.

Virtual space:
  Non-class space:       64.00 MB reserved,       5.38 MB (  8%) committed,  1 nodes.
      Class space:        1.00 GB reserved,     768.00 KB ( <1%) committed,  1 nodes.
             Both:        1.06 GB reserved,       6.12 MB ( <1%) committed. 

Chunk freelists:
   Non-Class:  10.11 MB
       Class:  15.08 MB
        Both:  25.19 MB

MaxMetaspaceSize: unlimited
CompressedClassSpaceSize: 1.00 GB
Initial GC threshold: 21.00 MB
Current GC threshold: 21.00 MB
CDS: on
 - commit_granule_bytes: 65536.
 - commit_granule_words: 8192.
 - virtual_space_node_default_size: 8388608.
 - enlarge_chunks_in_place: 1.
 - use_allocation_guard: 0.


Internal statistics:

num_allocs_failed_limit: 0.
num_arena_births: 190.
num_arena_deaths: 0.
num_vsnodes_births: 2.
num_vsnodes_deaths: 0.
num_space_committed: 98.
num_space_uncommitted: 0.
num_chunks_returned_to_freelist: 0.
num_chunks_taken_from_freelist: 312.
num_chunk_merges: 0.
num_chunk_splits: 199.
num_chunks_enlarged: 124.
num_inconsistent_stats: 0.

CodeHeap 'non-profiled nmethods': size=120000Kb used=515Kb max_used=515Kb free=119484Kb
 bounds [0x0000023d3f150000, 0x0000023d3f3c0000, 0x0000023d46680000]
CodeHeap 'profiled nmethods': size=120000Kb used=2244Kb max_used=2244Kb free=117755Kb
 bounds [0x0000023d37680000, 0x0000023d378f0000, 0x0000023d3ebb0000]
CodeHeap 'non-nmethods': size=5760Kb used=1244Kb max_used=1244Kb free=4515Kb
 bounds [0x0000023d3ebb0000, 0x0000023d3ee20000, 0x0000023d3f150000]
CodeCache: size=245760Kb, used=4003Kb, max_used=4003Kb, free=241754Kb
 total_blobs=1801, nmethods=1327, adapters=377, full_count=0
Compilation: enabled, stopped_count=0, restarted_count=0

Compilation events (20 events):
Event: 5.034 Thread 0x0000023d920d0810 1311       4       java.io.DataInputStream::readFully (59 bytes)
Event: 5.036 Thread 0x0000023d3441b730 1314       3       java.lang.String::toCharArray (25 bytes)
Event: 5.037 Thread 0x0000023d3441b730 nmethod 1314 0x0000023d3789fd10 code [0x0000023d3789fee0, 0x0000023d378a0178]
Event: 5.037 Thread 0x0000023d3441b730 1315       3       java.lang.StringLatin1::toChars (16 bytes)
Event: 5.037 Thread 0x0000023d3441b730 nmethod 1315 0x0000023d378a0290 code [0x0000023d378a0440, 0x0000023d378a0620]
Event: 5.037 Thread 0x0000023d8d932e80 nmethod 1310 0x0000023d3f1cc410 code [0x0000023d3f1cc5e0, 0x0000023d3f1cc8e8]
Event: 5.037 Thread 0x0000023d8d932e80 1313       4       java.io.BufferedInputStream::implRead (112 bytes)
Event: 5.038 Thread 0x0000023d3441b730 1316       3       org.eclipse.osgi.container.ModuleDatabase$Persistence::readString (7 bytes)
Event: 5.038 Thread 0x0000023d3441b730 nmethod 1316 0x0000023d378a0710 code [0x0000023d378a08c0, 0x0000023d378a09e0]
Event: 5.039 Thread 0x0000023d3441b730 1317       3       org.eclipse.osgi.container.ModuleDatabase$Persistence::readMapValue (111 bytes)
Event: 5.040 Thread 0x0000023d3441b730 nmethod 1317 0x0000023d378a0a90 code [0x0000023d378a0e20, 0x0000023d378a2178]
Event: 5.040 Thread 0x0000023d3441b730 1318       3       org.eclipse.osgi.container.ModuleDatabase$Persistence::readVersion0 (96 bytes)
Event: 5.041 Thread 0x0000023d3441b730 nmethod 1318 0x0000023d378a2890 code [0x0000023d378a2ce0, 0x0000023d378a4b00]
Event: 5.045 Thread 0x0000023d8d932e80 nmethod 1313 0x0000023d3f1ccb90 code [0x0000023d3f1ccdc0, 0x0000023d3f1cd5b8]
Event: 5.046 Thread 0x0000023d8d932e80 1319       4       jdk.internal.misc.Unsafe::getIntUnaligned (12 bytes)
Event: 5.046 Thread 0x0000023d8d932e80 nmethod 1319 0x0000023d3f1cdc90 code [0x0000023d3f1cde20, 0x0000023d3f1cded8]
Event: 5.046 Thread 0x0000023d8d932e80 1312   !   4       java.io.BufferedInputStream::read (69 bytes)
Event: 5.053 Thread 0x0000023d3441b730 1321       3       org.eclipse.osgi.container.ModuleDatabase$Persistence::readMap (118 bytes)
Event: 5.055 Thread 0x0000023d3441b730 nmethod 1321 0x0000023d378a5510 code [0x0000023d378a58c0, 0x0000023d378a6e48]
Event: 5.055 Thread 0x0000023d3441b730 1320       3       org.eclipse.osgi.container.ModuleDatabase$Persistence::readIndexedMap (16 bytes)

GC Heap History (2 events):
Event: 4.883 GC heap before
{Heap before GC invocations=1 (full 0):
 PSYoungGen      total 29696K, used 25600K [0x00000000d5580000, 0x00000000d7680000, 0x0000000100000000)
  eden space 25600K, 100% used [0x00000000d5580000,0x00000000d6e80000,0x00000000d6e80000)
  from space 4096K, 0% used [0x00000000d7280000,0x00000000d7280000,0x00000000d7680000)
  to   space 4096K, 0% used [0x00000000d6e80000,0x00000000d6e80000,0x00000000d7280000)
 ParOldGen       total 68608K, used 0K [0x0000000080000000, 0x0000000084300000, 0x00000000d5580000)
  object space 68608K, 0% used [0x0000000080000000,0x0000000080000000,0x0000000084300000)
 Metaspace       used 4337K, committed 4608K, reserved 1114112K
  class space    used 474K, committed 576K, reserved 1048576K
}
Event: 4.888 GC heap after
{Heap after GC invocations=1 (full 0):
 PSYoungGen      total 29696K, used 3287K [0x00000000d5580000, 0x00000000d7680000, 0x0000000100000000)
  eden space 25600K, 0% used [0x00000000d5580000,0x00000000d5580000,0x00000000d6e80000)
  from space 4096K, 80% used [0x00000000d6e80000,0x00000000d71b5ea8,0x00000000d7280000)
  to   space 4096K, 0% used [0x00000000d7280000,0x00000000d7280000,0x00000000d7680000)
 ParOldGen       total 68608K, used 16K [0x0000000080000000, 0x0000000084300000, 0x00000000d5580000)
  object space 68608K, 0% used [0x0000000080000000,0x0000000080004000,0x0000000084300000)
 Metaspace       used 4337K, committed 4608K, reserved 1114112K
  class space    used 474K, committed 576K, reserved 1048576K
}

Dll operation events (8 events):
Event: 0.014 Loaded shared library c:\Users\User\.vscode\extensions\redhat.java-1.52.0-win32-x64\jre\21.0.9-win32-x86_64\bin\java.dll
Event: 0.045 Loaded shared library c:\Users\User\.vscode\extensions\redhat.java-1.52.0-win32-x64\jre\21.0.9-win32-x86_64\bin\zip.dll
Event: 0.111 Loaded shared library C:\Users\User\.vscode\extensions\redhat.java-1.52.0-win32-x64\jre\21.0.9-win32-x86_64\bin\instrument.dll
Event: 0.117 Loaded shared library C:\Users\User\.vscode\extensions\redhat.java-1.52.0-win32-x64\jre\21.0.9-win32-x86_64\bin\net.dll
Event: 0.119 Loaded shared library C:\Users\User\.vscode\extensions\redhat.java-1.52.0-win32-x64\jre\21.0.9-win32-x86_64\bin\nio.dll
Event: 0.123 Loaded shared library C:\Users\User\.vscode\extensions\redhat.java-1.52.0-win32-x64\jre\21.0.9-win32-x86_64\bin\zip.dll
Event: 0.150 Loaded shared library C:\Users\User\.vscode\extensions\redhat.java-1.52.0-win32-x64\jre\21.0.9-win32-x86_64\bin\jimage.dll
Event: 0.225 Loaded shared library c:\Users\User\.vscode\extensions\redhat.java-1.52.0-win32-x64\jre\21.0.9-win32-x86_64\bin\verify.dll

Deoptimization events (20 events):
Event: 4.920 Thread 0x0000023d3213b4d0 Uncommon trap: trap_request=0xffffff45 fr.pc=0x0000023d3f1b12bc relative=0x000000000000027c
Event: 4.920 Thread 0x0000023d3213b4d0 Uncommon trap: reason=unstable_if action=reinterpret pc=0x0000023d3f1b12bc method=java.util.HashMap.hash(Ljava/lang/Object;)I @ 1 c2
Event: 4.920 Thread 0x0000023d3213b4d0 DEOPT PACKING pc=0x0000023d3f1b12bc sp=0x000000866e8fecd0
Event: 4.920 Thread 0x0000023d3213b4d0 DEOPT UNPACKING pc=0x0000023d3ec03aa2 sp=0x000000866e8feb68 mode 2
Event: 4.922 Thread 0x0000023d3213b4d0 Uncommon trap: trap_request=0xffffff45 fr.pc=0x0000023d3f1ae860 relative=0x0000000000000300
Event: 4.922 Thread 0x0000023d3213b4d0 Uncommon trap: reason=unstable_if action=reinterpret pc=0x0000023d3f1ae860 method=java.util.HashMap.hash(Ljava/lang/Object;)I @ 1 c2
Event: 4.922 Thread 0x0000023d3213b4d0 DEOPT PACKING pc=0x0000023d3f1ae860 sp=0x000000866e8fec40
Event: 4.922 Thread 0x0000023d3213b4d0 DEOPT UNPACKING pc=0x0000023d3ec03aa2 sp=0x000000866e8feb48 mode 2
Event: 4.922 Thread 0x0000023d3213b4d0 Uncommon trap: trap_request=0xffffff45 fr.pc=0x0000023d3f1ab350 relative=0x00000000000000b0
Event: 4.922 Thread 0x0000023d3213b4d0 Uncommon trap: reason=unstable_if action=reinterpret pc=0x0000023d3f1ab350 method=java.util.HashMap.hash(Ljava/lang/Object;)I @ 1 c2
Event: 4.922 Thread 0x0000023d3213b4d0 DEOPT PACKING pc=0x0000023d3f1ab350 sp=0x000000866e8fecf0
Event: 4.922 Thread 0x0000023d3213b4d0 DEOPT UNPACKING pc=0x0000023d3ec03aa2 sp=0x000000866e8fec88 mode 2
Event: 4.922 Thread 0x0000023d3213b4d0 Uncommon trap: trap_request=0xffffffde fr.pc=0x0000023d3f194b10 relative=0x0000000000000570
Event: 4.922 Thread 0x0000023d3213b4d0 Uncommon trap: reason=class_check action=maybe_recompile pc=0x0000023d3f194b10 method=java.util.Collections$UnmodifiableCollection$1.<init>(Ljava/util/Collections$UnmodifiableCollection;)V @ 17 c2
Event: 4.922 Thread 0x0000023d3213b4d0 DEOPT PACKING pc=0x0000023d3f194b10 sp=0x000000866e8fed20
Event: 4.922 Thread 0x0000023d3213b4d0 DEOPT UNPACKING pc=0x0000023d3ec03aa2 sp=0x000000866e8fec68 mode 2
Event: 4.968 Thread 0x0000023d3213b4d0 Uncommon trap: trap_request=0xffffff45 fr.pc=0x0000023d3f193078 relative=0x0000000000000198
Event: 4.968 Thread 0x0000023d3213b4d0 Uncommon trap: reason=unstable_if action=reinterpret pc=0x0000023d3f193078 method=java.lang.invoke.VarHandle.checkAccessModeThenIsDirect(Ljava/lang/invoke/VarHandle$AccessDescriptor;)Z @ 4 c2
Event: 4.968 Thread 0x0000023d3213b4d0 DEOPT PACKING pc=0x0000023d3f193078 sp=0x000000866e8fecd0
Event: 4.968 Thread 0x0000023d3213b4d0 DEOPT UNPACKING pc=0x0000023d3ec03aa2 sp=0x000000866e8fec28 mode 2

Classes loaded (20 events):
Event: 5.009 Loading class java/util/AbstractQueue done
Event: 5.010 Loading class java/util/concurrent/SynchronousQueue done
Event: 5.010 Loading class java/util/concurrent/SynchronousQueue$Transferer
Event: 5.010 Loading class java/util/concurrent/LinkedTransferQueue
Event: 5.010 Loading class java/util/concurrent/TransferQueue
Event: 5.010 Loading class java/util/concurrent/TransferQueue done
Event: 5.010 Loading class java/util/concurrent/LinkedTransferQueue done
Event: 5.010 Loading class java/util/concurrent/SynchronousQueue$Transferer done
Event: 5.010 Loading class java/util/concurrent/LinkedTransferQueue$DualNode
Event: 5.011 Loading class java/util/concurrent/LinkedTransferQueue$DualNode done
Event: 5.011 Loading class java/util/concurrent/RejectedExecutionHandler
Event: 5.012 Loading class java/util/concurrent/RejectedExecutionHandler done
Event: 5.012 Loading class java/util/concurrent/LinkedBlockingQueue
Event: 5.012 Loading class java/util/concurrent/LinkedBlockingQueue done
Event: 5.012 Loading class java/util/concurrent/LinkedBlockingQueue$Node
Event: 5.012 Loading class java/util/concurrent/LinkedBlockingQueue$Node done
Event: 5.022 Loading class java/util/concurrent/Semaphore$NonfairSync
Event: 5.022 Loading class java/util/concurrent/Semaphore$Sync
Event: 5.022 Loading class java/util/concurrent/Semaphore$Sync done
Event: 5.022 Loading class java/util/concurrent/Semaphore$NonfairSync done

Classes unloaded (0 events):
No events

Classes redefined (0 events):
No events

Internal exceptions (20 events):
Event: 1.594 Thread 0x0000023d3213b4d0 Exception <a 'java/io/FileNotFoundException'{0x00000000d64c6ce8}> (0x00000000d64c6ce8) 
thrown [s\src\hotspot\share\prims\jni.cpp, line 520]
Event: 1.594 Thread 0x0000023d3213b4d0 Exception <a 'java/io/FileNotFoundException'{0x00000000d64c7960}> (0x00000000d64c7960) 
thrown [s\src\hotspot\share\prims\jni.cpp, line 520]
Event: 1.594 Thread 0x0000023d3213b4d0 Exception <a 'java/io/FileNotFoundException'{0x00000000d64c84a0}> (0x00000000d64c84a0) 
thrown [s\src\hotspot\share\prims\jni.cpp, line 520]
Event: 1.597 Thread 0x0000023d3213b4d0 Implicit null exception at 0x0000023d3f17e6a4 to 0x0000023d3f17ec38
Event: 1.599 Thread 0x0000023d3213b4d0 Exception <a 'java/io/FileNotFoundException'{0x00000000d6502630}> (0x00000000d6502630) 
thrown [s\src\hotspot\share\prims\jni.cpp, line 520]
Event: 1.607 Thread 0x0000023d3213b4d0 Exception <a 'java/lang/NoSuchMethodError'{0x00000000d653ef80}: 'java.lang.Object java.lang.invoke.DirectMethodHandle$Holder.invokeInterface(java.lang.Object, java.lang.Object)'> (0x00000000d653ef80) 
thrown [s\src\hotspot\share\interpreter\linkResolver.cpp, line 773]
Event: 1.610 Thread 0x0000023d3213b4d0 Exception <a 'java/lang/NoSuchMethodError'{0x00000000d65529f0}: 'java.lang.Object java.lang.invoke.Invokers$Holder.invokeExact_MT(java.lang.Object, java.lang.Object, java.lang.Object, java.lang.Object, java.lang.Object, java.lang.Object)'> (0x00000000d65529f0) 
thrown [s\src\hotspot\share\interpreter\linkResolver.cpp, line 773]
Event: 1.614 Thread 0x0000023d3213b4d0 Exception <a 'java/lang/NoSuchMethodError'{0x00000000d6569ac8}: 'int java.lang.invoke.DirectMethodHandle$Holder.invokeStatic(java.lang.Object, java.lang.Object, java.lang.Object, java.lang.Object, java.lang.Object)'> (0x00000000d6569ac8) 
thrown [s\src\hotspot\share\interpreter\linkResolver.cpp, line 773]
Event: 3.662 Thread 0x0000023d3213b4d0 Exception <a 'java/lang/NoSuchMethodError'{0x00000000d65ffc00}: 'java.lang.Object java.lang.invoke.DirectMethodHandle$Holder.invokeInterface(java.lang.Object, java.lang.Object, int)'> (0x00000000d65ffc00) 
thrown [s\src\hotspot\share\interpreter\linkResolver.cpp, line 773]
Event: 4.830 Thread 0x0000023d3213b4d0 Exception <a 'java/lang/NoSuchMethodError'{0x00000000d6a6aa00}: 'java.lang.ClassLoader java.lang.ClassLoader.getPlatformClassLoader(java.lang.Class)'> (0x00000000d6a6aa00) 
thrown [s\src\hotspot\share\interpreter\linkResolver.cpp, line 773]
Event: 4.890 Thread 0x0000023d3213b4d0 Exception <a 'java/lang/ClassNotFoundException'{0x00000000d558a130}: sun/net/www/protocol/c/Handler> (0x00000000d558a130) 
thrown [s\src\hotspot\share\classfile\systemDictionary.cpp, line 312]
Event: 4.890 Thread 0x0000023d3213b4d0 Exception <a 'java/lang/ClassNotFoundException'{0x00000000d558b4b8}: sun/net/www/protocol/d/Handler> (0x00000000d558b4b8) 
thrown [s\src\hotspot\share\classfile\systemDictionary.cpp, line 312]
Event: 4.890 Thread 0x0000023d3213b4d0 Exception <a 'java/lang/ClassNotFoundException'{0x00000000d558c678}: sun/net/www/protocol/c/Handler> (0x00000000d558c678) 
thrown [s\src\hotspot\share\classfile\systemDictionary.cpp, line 312]
Event: 4.894 Thread 0x0000023d3213b4d0 Exception <a 'java/io/FileNotFoundException'{0x00000000d55b6050}> (0x00000000d55b6050) 
thrown [s\src\hotspot\share\prims\jni.cpp, line 520]
Event: 4.920 Thread 0x0000023d3213b4d0 Implicit null exception at 0x0000023d3f1bdbc9 to 0x0000023d3f1be688
Event: 4.920 Thread 0x0000023d3213b4d0 Implicit null exception at 0x0000023d3f1b109a to 0x0000023d3f1b12a4
Event: 4.921 Thread 0x0000023d3213b4d0 Exception <a 'java/lang/NoSuchMethodError'{0x00000000d56e57b0}: 'void java.lang.invoke.DirectMethodHandle$Holder.invokeStatic(java.lang.Object, java.lang.Object, java.lang.Object, java.lang.Object)'> (0x00000000d56e57b0) 
thrown [s\src\hotspot\share\interpreter\linkResolver.cpp, line 773]
Event: 4.922 Thread 0x0000023d3213b4d0 Implicit null exception at 0x0000023d3f1ae5bc to 0x0000023d3f1ae848
Event: 4.922 Thread 0x0000023d3213b4d0 Implicit null exception at 0x0000023d3f1ab2bd to 0x0000023d3f1ab341
Event: 4.988 Thread 0x0000023d3213b4d0 Exception <a 'java/lang/NoSuchMethodError'{0x00000000d59cf7b0}: 'void java.lang.invoke.DirectMethodHandle$Holder.invokeSpecial(java.lang.Object, java.lang.Object, java.lang.Object)'> (0x00000000d59cf7b0) 
thrown [s\src\hotspot\share\interpreter\linkResolver.cpp, line 773]

ZGC Phase Switch (0 events):
No events

VM Operations (17 events):
Event: 0.165 Executing VM operation: HandshakeAllThreads (Deoptimize)
Event: 0.165 Executing VM operation: HandshakeAllThreads (Deoptimize) done
Event: 1.166 Executing VM operation: Cleanup
Event: 1.493 Executing VM operation: Cleanup done
Event: 1.552 Executing VM operation: HandshakeAllThreads (Deoptimize)
Event: 1.552 Executing VM operation: HandshakeAllThreads (Deoptimize) done
Event: 1.571 Executing VM operation: HandshakeAllThreads (Deoptimize)
Event: 1.571 Executing VM operation: HandshakeAllThreads (Deoptimize) done
Event: 2.577 Executing VM operation: Cleanup
Event: 2.577 Executing VM operation: Cleanup done
Event: 4.592 Executing VM operation: Cleanup
Event: 4.592 Executing VM operation: Cleanup done
Event: 4.869 Executing VM operation: HandshakeAllThreads (Deoptimize)
Event: 4.869 Executing VM operation: HandshakeAllThreads (Deoptimize) done
Event: 4.883 Executing VM operation: ParallelGCFailedAllocation (Allocation Failure)
Event: 4.888 Executing VM operation: ParallelGCFailedAllocation (Allocation Failure) done
Event: 5.890 Executing VM operation: Cleanup

Memory protections (0 events):
No events

Nmethod flushes (0 events):
No events

Events (13 events):
Event: 0.033 Thread 0x0000023d3213b4d0 Thread added: 0x0000023d3213b4d0
Event: 0.047 Thread 0x0000023d3213b4d0 Thread added: 0x0000023d34537700
Event: 0.048 Thread 0x0000023d3213b4d0 Thread added: 0x0000023d343fa3b0
Event: 0.048 Thread 0x0000023d3213b4d0 Thread added: 0x0000023d34539880
Event: 0.048 Thread 0x0000023d3213b4d0 Thread added: 0x0000023d3453a4d0
Event: 0.048 Thread 0x0000023d3213b4d0 Thread added: 0x0000023d3453e690
Event: 0.048 Thread 0x0000023d3213b4d0 Thread added: 0x0000023d343fe060
Event: 0.048 Thread 0x0000023d3213b4d0 Thread added: 0x0000023d34405390
Event: 0.048 Thread 0x0000023d3213b4d0 Thread added: 0x0000023d3441b730
Event: 0.094 Thread 0x0000023d3441b730 Thread added: 0x0000023d8d932e80
Event: 0.113 Thread 0x0000023d3213b4d0 Thread added: 0x0000023d8d9ceb50
Event: 0.327 Thread 0x0000023d3213b4d0 Thread added: 0x0000023d8dab1150
Event: 0.433 Thread 0x0000023d3441b730 Thread added: 0x0000023d920d0810


Dynamic libraries:
0x00007ff7fc9d0000 - 0x00007ff7fc9de000 	c:\Users\User\.vscode\extensions\redhat.java-1.52.0-win32-x64\jre\21.0.9-win32-x86_64\bin\java.exe
0x00007ffff54c0000 - 0x00007ffff5728000 	C:\WINDOWS\SYSTEM32\ntdll.dll
0x00007ffff3900000 - 0x00007ffff39c9000 	C:\WINDOWS\System32\KERNEL32.DLL
0x00007ffff1da0000 - 0x00007ffff2191000 	C:\WINDOWS\System32\KERNELBASE.dll
0x00007ffff21a0000 - 0x00007ffff22eb000 	C:\WINDOWS\System32\ucrtbase.dll
0x00007fffd4a40000 - 0x00007fffd4a5e000 	c:\Users\User\.vscode\extensions\redhat.java-1.52.0-win32-x64\jre\21.0.9-win32-x86_64\bin\VCRUNTIME140.dll
0x00007fffd4a60000 - 0x00007fffd4a78000 	c:\Users\User\.vscode\extensions\redhat.java-1.52.0-win32-x64\jre\21.0.9-win32-x86_64\bin\jli.dll
0x00007ffff46e0000 - 0x00007ffff48a6000 	C:\WINDOWS\System32\USER32.dll
0x00007ffff30d0000 - 0x00007ffff30f7000 	C:\WINDOWS\System32\win32u.dll
0x00007fffd8c80000 - 0x00007fffd8f13000 	C:\WINDOWS\WinSxS\amd64_microsoft.windows.common-controls_6595b64144ccf1df_6.0.26100.7824_none_3e0870b2e3345462\COMCTL32.dll
0x00007ffff5140000 - 0x00007ffff516b000 	C:\WINDOWS\System32\GDI32.dll
0x00007ffff22f0000 - 0x00007ffff241b000 	C:\WINDOWS\System32\gdi32full.dll
0x00007ffff36a0000 - 0x00007ffff3749000 	C:\WINDOWS\System32\msvcrt.dll
0x00007ffff3100000 - 0x00007ffff31a3000 	C:\WINDOWS\System32\msvcp_win.dll
0x00007ffff3260000 - 0x00007ffff3291000 	C:\WINDOWS\System32\IMM32.DLL
0x00007fffe02d0000 - 0x00007fffe02dc000 	c:\Users\User\.vscode\extensions\redhat.java-1.52.0-win32-x64\jre\21.0.9-win32-x86_64\bin\vcruntime140_1.dll
0x00007fff7eba0000 - 0x00007fff7ec2d000 	c:\Users\User\.vscode\extensions\redhat.java-1.52.0-win32-x64\jre\21.0.9-win32-x86_64\bin\msvcp140.dll
0x00007fff0cc60000 - 0x00007fff0da00000 	c:\Users\User\.vscode\extensions\redhat.java-1.52.0-win32-x64\jre\21.0.9-win32-x86_64\bin\server\jvm.dll
0x00007ffff5230000 - 0x00007ffff52e4000 	C:\WINDOWS\System32\ADVAPI32.dll
0x00007ffff37d0000 - 0x00007ffff3876000 	C:\WINDOWS\System32\sechost.dll
0x00007ffff3520000 - 0x00007ffff3638000 	C:\WINDOWS\System32\RPCRT4.dll
0x00007ffff5400000 - 0x00007ffff5474000 	C:\WINDOWS\System32\WS2_32.dll
0x00007ffff1c00000 - 0x00007ffff1c5e000 	C:\WINDOWS\SYSTEM32\POWRPROF.dll
0x00007fffe6be0000 - 0x00007fffe6c15000 	C:\WINDOWS\SYSTEM32\WINMM.dll
0x00007fffd9780000 - 0x00007fffd978b000 	C:\WINDOWS\SYSTEM32\VERSION.dll
0x00007ffff1be0000 - 0x00007ffff1bf4000 	C:\WINDOWS\SYSTEM32\UMPDC.dll
0x00007ffff0b40000 - 0x00007ffff0b5b000 	C:\WINDOWS\SYSTEM32\kernel.appcore.dll
0x00007fffdaa10000 - 0x00007fffdaa1a000 	c:\Users\User\.vscode\extensions\redhat.java-1.52.0-win32-x64\jre\21.0.9-win32-x86_64\bin\jimage.dll
0x00007fffefb60000 - 0x00007fffefda2000 	C:\WINDOWS\SYSTEM32\DBGHELP.DLL
0x00007ffff4aa0000 - 0x00007ffff4e26000 	C:\WINDOWS\System32\combase.dll
0x00007ffff3440000 - 0x00007ffff3517000 	C:\WINDOWS\System32\OLEAUT32.dll
0x00007fffce150000 - 0x00007fffce18b000 	C:\WINDOWS\SYSTEM32\dbgcore.DLL
0x00007ffff31b0000 - 0x00007ffff3255000 	C:\WINDOWS\System32\bcryptPrimitives.dll
0x00007fffd4a30000 - 0x00007fffd4a3f000 	c:\Users\User\.vscode\extensions\redhat.java-1.52.0-win32-x64\jre\21.0.9-win32-x86_64\bin\instrument.dll
0x00007fffbaf30000 - 0x00007fffbaf50000 	c:\Users\User\.vscode\extensions\redhat.java-1.52.0-win32-x64\jre\21.0.9-win32-x86_64\bin\java.dll
0x00007ffff39d0000 - 0x00007ffff4122000 	C:\WINDOWS\System32\SHELL32.dll
0x00007ffff2de0000 - 0x00007ffff2f4a000 	C:\WINDOWS\System32\wintypes.dll
0x00007ffff2420000 - 0x00007ffff2c83000 	C:\WINDOWS\System32\windows.storage.dll
0x00007ffff5300000 - 0x00007ffff53f6000 	C:\WINDOWS\System32\SHCORE.dll
0x00007ffff41b0000 - 0x00007ffff4217000 	C:\WINDOWS\System32\shlwapi.dll
0x00007ffff1cc0000 - 0x00007ffff1ce9000 	C:\WINDOWS\SYSTEM32\profapi.dll
0x00007fffb9090000 - 0x00007fffb90a8000 	c:\Users\User\.vscode\extensions\redhat.java-1.52.0-win32-x64\jre\21.0.9-win32-x86_64\bin\zip.dll
0x00007fffc42e0000 - 0x00007fffc42f0000 	C:\Users\User\.vscode\extensions\redhat.java-1.52.0-win32-x64\jre\21.0.9-win32-x86_64\bin\net.dll
0x00007fffe1ed0000 - 0x00007fffe1ff7000 	C:\WINDOWS\SYSTEM32\WINHTTP.dll
0x00007ffff10b0000 - 0x00007ffff111b000 	C:\WINDOWS\system32\mswsock.dll
0x00007fff82570000 - 0x00007fff82586000 	C:\Users\User\.vscode\extensions\redhat.java-1.52.0-win32-x64\jre\21.0.9-win32-x86_64\bin\nio.dll
0x00007fffc2aa0000 - 0x00007fffc2ab0000 	c:\Users\User\.vscode\extensions\redhat.java-1.52.0-win32-x64\jre\21.0.9-win32-x86_64\bin\verify.dll

JVMTI agents:
c:\Users\User\.vscode\extensions\redhat.java-1.52.0-win32-x64\lombok\lombok-1.18.39-4050.jar path:c:\Users\User\.vscode\extensions\redhat.java-1.52.0-win32-x64\jre\21.0.9-win32-x86_64\bin\instrument.dll, loaded, initialized, instrumentlib options:none

dbghelp: loaded successfully - version: 4.0.5 - missing functions: none
symbol engine: initialized successfully - sym options: 0x614 - pdb path: .;c:\Users\User\.vscode\extensions\redhat.java-1.52.0-win32-x64\jre\21.0.9-win32-x86_64\bin;C:\WINDOWS\SYSTEM32;C:\WINDOWS\WinSxS\amd64_microsoft.windows.common-controls_6595b64144ccf1df_6.0.26100.7824_none_3e0870b2e3345462;c:\Users\User\.vscode\extensions\redhat.java-1.52.0-win32-x64\jre\21.0.9-win32-x86_64\bin\server

VM Arguments:
jvm_args: --add-modules=ALL-SYSTEM --add-opens=java.base/java.util=ALL-UNNAMED --add-opens=java.base/java.lang=ALL-UNNAMED --add-opens=java.base/sun.nio.fs=ALL-UNNAMED -Declipse.application=org.eclipse.jdt.ls.core.id1 -Dosgi.bundles.defaultStartLevel=4 -Declipse.product=org.eclipse.jdt.ls.core.product -Djava.import.generatesMetadataFilesAtProjectRoot=false -DDetectVMInstallationsJob.disabled=true -Dfile.encoding=utf8 -XX:+UseParallelGC -XX:GCTimeRatio=4 -XX:AdaptiveSizePolicyWeight=90 -Dsun.zip.disableMemoryMapping=true -Xmx2G -Xms100m -Xlog:disable -javaagent:c:\Users\User\.vscode\extensions\redhat.java-1.52.0-win32-x64\lombok\lombok-1.18.39-4050.jar -XX:+HeapDumpOnOutOfMemoryError -XX:HeapDumpPath=c:\Users\User\AppData\Roaming\Code\User\workspaceStorage\66aa9b7fae2d2ea1ead16b3672061e47\redhat.java -Daether.dependencyCollector.impl=bf 
java_command: c:\Users\User\.vscode\extensions\redhat.java-1.52.0-win32-x64\server\plugins\org.eclipse.equinox.launcher_1.7.100.v20251111-0406.jar -configuration c:\Users\User\AppData\Roaming\Code\User\globalStorage\redhat.java\1.52.0\config_win -data c:\Users\User\AppData\Roaming\Code\User\workspaceStorage\66aa9b7fae2d2ea1ead16b3672061e47\redhat.java\jdt_ws --pipe=\\.\pipe\lsp-e6fccb2c3766d58383cd07a76540cc7b-sock
java_class_path (initial): c:\Users\User\.vscode\extensions\redhat.java-1.52.0-win32-x64\server\plugins\org.eclipse.equinox.launcher_1.7.100.v20251111-0406.jar
Launcher Type: SUN_STANDARD

[Global flags]
    uintx AdaptiveSizePolicyWeight                 = 90                                        {product} {command line}
     intx CICompilerCount                          = 4                                         {product} {ergonomic}
    uintx GCTimeRatio                              = 4                                         {product} {command line}
     bool HeapDumpOnOutOfMemoryError               = true                                   {manageable} {command line}
    ccstr HeapDumpPath                             = c:\Users\User\AppData\Roaming\Code\User\workspaceStorage\66aa9b7fae2d2ea1ead16b3672061e47\redhat.java         {manageable} {command line}
   size_t InitialHeapSize                          = 104857600                                 {product} {command line}
   size_t MaxHeapSize                              = 2147483648                                {product} {command line}
   size_t MaxNewSize                               = 715653120                                 {product} {ergonomic}
   size_t MinHeapDeltaBytes                        = 524288                                    {product} {ergonomic}
   size_t MinHeapSize                              = 104857600                                 {product} {command line}
   size_t NewSize                                  = 34603008                                  {product} {ergonomic}
    uintx NonNMethodCodeHeapSize                   = 5839372                                {pd product} {ergonomic}
    uintx NonProfiledCodeHeapSize                  = 122909434                              {pd product} {ergonomic}
   size_t OldSize                                  = 70254592                                  {product} {ergonomic}
    uintx ProfiledCodeHeapSize                     = 122909434                              {pd product} {ergonomic}
    uintx ReservedCodeCacheSize                    = 251658240                              {pd product} {ergonomic}
     bool SegmentedCodeCache                       = true                                      {product} {ergonomic}
   size_t SoftMaxHeapSize                          = 2147483648                             {manageable} {ergonomic}
     bool UseCompressedOops                        = true                           {product lp64_product} {ergonomic}
     bool UseLargePagesIndividualAllocation        = false                                  {pd product} {ergonomic}
     bool UseParallelGC                            = true                                      {product} {command line}

Logging:
Log output configuration:
 #0: stdout all=off uptime,level,tags foldmultilines=false
 #1: stderr all=off uptime,level,tags foldmultilines=false

Release file:
JAVA_VERSION="21.0.9" 
MODULES="java.base java.compiler java.datatransfer java.xml java.prefs java.desktop java.instrument java.logging java.management java.security.sasl java.naming java.rmi java.management.rmi java.net.http java.scripting java.security.jgss java.transaction.xa java.sql java.sql.rowset java.xml.crypto java.se java.smartcardio jdk.accessibility jdk.internal.jvmstat jdk.attach jdk.charsets jdk.internal.opt jdk.zipfs jdk.compiler jdk.crypto.ec jdk.crypto.cryptoki jdk.crypto.mscapi jdk.dynalink jdk.internal.ed jdk.editpad jdk.hotspot.agent jdk.httpserver jdk.internal.le jdk.internal.vm.ci jdk.internal.vm.compiler jdk.internal.vm.compiler.management jdk.jartool jdk.javadoc jdk.jcmd jdk.management jdk.management.agent jdk.jconsole jdk.jdeps jdk.jdwp.agent jdk.jdi jdk.jfr jdk.jshell jdk.jsobject jdk.jstatd jdk.localedata jdk.management.jfr jdk.naming.dns jdk.naming.rmi jdk.net jdk.nio.mapmode jdk.random jdk.sctp jdk.security.auth jdk.security.jgss jdk.unsupported jdk.unsupported.desktop jdk.xml.dom" 

Environment Variables:
PATH=C:\Program Files (x86)\Common Files\Oracle\Java\java8path;C:\Program Files (x86)\Common Files\Oracle\Java\javapath;C:\WINDOWS\system32;C:\WINDOWS;C:\WINDOWS\System32\Wbem;C:\WINDOWS\System32\WindowsPowerShell\v1.0\;C:\WINDOWS\System32\OpenSSH\;C:\Program Files (x86)\Windows Kits\10\Windows Performance Toolkit\;C:\Program Files\dotnet\;C:\Program Files\nodejs\;C:\Users\User\AppData\Local\Programs\Python\Python313\Scripts\;C:\Users\User\AppData\Local\Programs\Python\Python313\;C:\Users\User\AppData\Local\Microsoft\WindowsApps;C:\Microsoft VS Code\bin;C:\Program Files\JetBrains\PyCharm 2025.1\bin;;C:\Users\User\.dotnet\tools;C:\Users\User\AppData\Roaming\npm;C:\Users\User\AppData\Local\GitHubDesktop\bin;D:\IntelliJ IDEA 2025.3.2\bin
USERNAME=User
OS=Windows_NT
PROCESSOR_IDENTIFIER=Intel64 Family 6 Model 154 Stepping 4, GenuineIntel
TMP=C:\Users\User\AppData\Local\Temp
TEMP=C:\Users\User\AppData\Local\Temp




Periodic native trim disabled

---------------  S Y S T E M  ---------------

OS:
 Windows 11 , 64 bit Build 26100 (10.0.26100.7705)
OS uptime: 0 days 4:04 hours

CPU: total 8 (initial active 8) (8 cores per cpu, 1 threads per core) family 6 model 154 stepping 4 microcode 0x42c, cx8, cmov, fxsr, mmx, 3dnowpref, sse, sse2, sse3, ssse3, sse4.1, sse4.2, popcnt, lzcnt, tsc, tscinvbit, avx, avx2, aes, erms, clmul, bmi1, bmi2, adx, sha, fma, vzeroupper, clflush, clflushopt, clwb, serialize, rdtscp, rdpid, fsrm, f16c, pku, cet_ibt, cet_ss
Processor Information for processor 0
  Max Mhz: 1200, Current Mhz: 1200, Mhz Limit: 1200
Processor Information for processor 1
  Max Mhz: 1200, Current Mhz: 1200, Mhz Limit: 1200
Processor Information for processor 2
  Max Mhz: 1200, Current Mhz: 1200, Mhz Limit: 1200
Processor Information for processor 3
  Max Mhz: 1200, Current Mhz: 1200, Mhz Limit: 1200
Processor Information for processor 4
  Max Mhz: 1200, Current Mhz: 900, Mhz Limit: 900
Processor Information for processor 5
  Max Mhz: 1200, Current Mhz: 900, Mhz Limit: 900
Processor Information for processor 6
  Max Mhz: 1200, Current Mhz: 900, Mhz Limit: 900
Processor Information for processor 7
  Max Mhz: 1200, Current Mhz: 900, Mhz Limit: 900

Memory: 4k page, system-wide physical 16069M (1795M free)
TotalPageFile size 18117M (AvailPageFile size 8M)
current process WorkingSet (physical memory assigned to process): 85M, peak: 89M
current process commit charge ("private bytes"): 236M, peak: 241M

vm_info: OpenJDK 64-Bit Server VM (21.0.9+10-LTS) for windows-amd64 JRE (21.0.9+10-LTS), built on 2025-10-21T00:00:00Z by "admin" with unknown MS VC++:1942

END.
